2025-09-30T06:33:55.315+05:30  INFO 4588 --- [restartedMain] com.spring.restapi.RestApiApplication    : Starting RestApiApplication using Java 17.0.4 with PID 4588 (C:\Springdevtools\RESTAPIs\RestAPI\target\classes started by 91992 in C:\Springdevtools\RESTAPIs\RestAPI)
2025-09-30T06:33:55.317+05:30 DEBUG 4588 --- [restartedMain] com.spring.restapi.RestApiApplication    : Running with Spring Boot v3.5.6, Spring v6.2.11
2025-09-30T06:33:55.317+05:30  INFO 4588 --- [restartedMain] com.spring.restapi.RestApiApplication    : No active profile set, falling back to 1 default profile: "default"
2025-09-30T06:33:55.715+05:30  INFO 4588 --- [restartedMain] o.apache.catalina.core.StandardService   : Starting service [Tomcat]
2025-09-30T06:33:55.715+05:30  INFO 4588 --- [restartedMain] o.apache.catalina.core.StandardEngine    : Starting Servlet engine: [Apache Tomcat/10.1.46]
2025-09-30T06:33:55.754+05:30  INFO 4588 --- [restartedMain] o.a.c.c.C.[Tomcat].[localhost].[/]       : Initializing Spring embedded WebApplicationContext
2025-09-30T06:33:55.804+05:30  INFO 4588 --- [restartedMain] com.zaxxer.hikari.HikariDataSource       : HikariPool-4 - Starting...
2025-09-30T06:33:55.804+05:30  INFO 4588 --- [restartedMain] com.zaxxer.hikari.pool.HikariPool        : HikariPool-4 - Added connection conn30: url=jdbc:h2:mem:testdb user=SA
2025-09-30T06:33:55.811+05:30  INFO 4588 --- [restartedMain] com.zaxxer.hikari.HikariDataSource       : HikariPool-4 - Start completed.
2025-09-30T06:33:55.811+05:30  WARN 4588 --- [restartedMain] org.hibernate.orm.deprecation            : HHH90000025: H2Dialect does not need to be specified explicitly using 'hibernate.dialect' (remove the property setting and it will be selected by default)
2025-09-30T06:33:55.872+05:30 DEBUG 4588 --- [restartedMain] org.hibernate.SQL                        : 
    drop table if exists dataanotations cascade 
2025-09-30T06:33:55.872+05:30 DEBUG 4588 --- [restartedMain] org.hibernate.SQL                        : 
    drop table if exists employees cascade 
2025-09-30T06:33:55.873+05:30 DEBUG 4588 --- [restartedMain] org.hibernate.SQL                        : 
    create table dataanotations (
        id integer not null,
        salary float(53) not null,
        dept varchar(255),
        gender varchar(255),
        name varchar(255),
        primary key (id)
    )
2025-09-30T06:33:55.877+05:30 DEBUG 4588 --- [restartedMain] org.hibernate.SQL                        : 
    create table employees (
        bonus float(53) check (bonus>=0),
        pf float(53) check (pf>=0),
        salary float(53) not null check (salary>=0),
        tax float(53) check (tax>=0),
        id bigint generated by default as identity,
        department varchar(255) not null,
        gender varchar(255) not null,
        name varchar(255) not null,
        primary key (id)
    )
2025-09-30T06:33:55.973+05:30  WARN 4588 --- [restartedMain] JpaBaseConfiguration$JpaWebConfiguration : spring.jpa.open-in-view is enabled by default. Therefore, database queries may be performed during view rendering. Explicitly configure spring.jpa.open-in-view to disable this warning
2025-09-30T06:33:56.130+05:30  INFO 4588 --- [restartedMain] com.spring.restapi.RestApiApplication    : Started RestApiApplication in 0.871 seconds (process running for 1339.778)
2025-09-30T06:34:31.795+05:30 DEBUG 4588 --- [RMI TCP Connection(32)-127.0.0.1] org.hibernate.SQL                        : 
    drop table if exists dataanotations cascade 
2025-09-30T06:34:31.795+05:30 DEBUG 4588 --- [RMI TCP Connection(32)-127.0.0.1] org.hibernate.SQL                        : 
    drop table if exists employees cascade 
2025-09-30T06:34:31.796+05:30  WARN 4588 --- [RMI TCP Connection(32)-127.0.0.1] o.s.b.f.support.DisposableBeanAdapter    : Invocation of destroy method failed on bean with name 'inMemoryDatabaseShutdownExecutor': org.h2.jdbc.JdbcSQLNonTransientConnectionException: Database is already closed (to disable automatic closing at VM shutdown, add ";DB_CLOSE_ON_EXIT=FALSE" to the db URL) [90121-232]
2025-09-30T06:34:31.797+05:30  INFO 4588 --- [RMI TCP Connection(32)-127.0.0.1] com.zaxxer.hikari.HikariDataSource       : HikariPool-4 - Shutdown initiated...
2025-09-30T06:34:31.797+05:30  INFO 4588 --- [RMI TCP Connection(32)-127.0.0.1] com.zaxxer.hikari.HikariDataSource       : HikariPool-4 - Shutdown completed.
2025-09-30T06:34:37.728+05:30  INFO 1252 --- [restartedMain] com.spring.restapi.RestApiApplication    : Starting RestApiApplication using Java 17.0.4 with PID 1252 (C:\Springdevtools\RESTAPIs\RestAPI\target\classes started by 91992 in C:\Springdevtools\RESTAPIs\RestAPI)
2025-09-30T06:34:37.731+05:30 DEBUG 1252 --- [restartedMain] com.spring.restapi.RestApiApplication    : Running with Spring Boot v3.5.6, Spring v6.2.11
2025-09-30T06:34:37.731+05:30  INFO 1252 --- [restartedMain] com.spring.restapi.RestApiApplication    : No active profile set, falling back to 1 default profile: "default"
2025-09-30T06:34:39.213+05:30  INFO 1252 --- [restartedMain] o.apache.catalina.core.StandardService   : Starting service [Tomcat]
2025-09-30T06:34:39.215+05:30  INFO 1252 --- [restartedMain] o.apache.catalina.core.StandardEngine    : Starting Servlet engine: [Apache Tomcat/10.1.46]
2025-09-30T06:34:39.272+05:30  INFO 1252 --- [restartedMain] o.a.c.c.C.[Tomcat].[localhost].[/]       : Initializing Spring embedded WebApplicationContext
2025-09-30T06:34:39.820+05:30  INFO 1252 --- [restartedMain] com.zaxxer.hikari.HikariDataSource       : HikariPool-1 - Starting...
2025-09-30T06:34:40.016+05:30  INFO 1252 --- [restartedMain] com.zaxxer.hikari.pool.HikariPool        : HikariPool-1 - Added connection conn0: url=jdbc:h2:mem:testdb user=SA
2025-09-30T06:34:40.019+05:30  INFO 1252 --- [restartedMain] com.zaxxer.hikari.HikariDataSource       : HikariPool-1 - Start completed.
2025-09-30T06:34:40.046+05:30  WARN 1252 --- [restartedMain] org.hibernate.orm.deprecation            : HHH90000025: H2Dialect does not need to be specified explicitly using 'hibernate.dialect' (remove the property setting and it will be selected by default)
2025-09-30T06:34:40.987+05:30 DEBUG 1252 --- [restartedMain] org.hibernate.SQL                        : 
    drop table if exists dataanotations cascade 
2025-09-30T06:34:40.993+05:30 DEBUG 1252 --- [restartedMain] org.hibernate.SQL                        : 
    drop table if exists employees cascade 
2025-09-30T06:34:40.998+05:30 DEBUG 1252 --- [restartedMain] org.hibernate.SQL                        : 
    create table dataanotations (
        id integer not null,
        salary float(53) not null,
        dept varchar(255),
        gender varchar(255),
        name varchar(255),
        primary key (id)
    )
2025-09-30T06:34:41.004+05:30 DEBUG 1252 --- [restartedMain] org.hibernate.SQL                        : 
    create table employees (
        bonus float(53) check (bonus>=0),
        pf float(53) check (pf>=0),
        salary float(53) not null check (salary>=0),
        tax float(53) check (tax>=0),
        id bigint generated by default as identity,
        department varchar(255) not null,
        gender varchar(255) not null,
        name varchar(255) not null,
        primary key (id)
    )
2025-09-30T06:34:41.484+05:30  WARN 1252 --- [restartedMain] JpaBaseConfiguration$JpaWebConfiguration : spring.jpa.open-in-view is enabled by default. Therefore, database queries may be performed during view rendering. Explicitly configure spring.jpa.open-in-view to disable this warning
2025-09-30T06:34:41.990+05:30  INFO 1252 --- [restartedMain] com.spring.restapi.RestApiApplication    : Started RestApiApplication in 4.744 seconds (process running for 5.455)
2025-09-30T06:35:13.105+05:30 DEBUG 1252 --- [RMI TCP Connection(9)-127.0.0.1] org.hibernate.SQL                        : 
    drop table if exists dataanotations cascade 
2025-09-30T06:35:13.107+05:30 DEBUG 1252 --- [RMI TCP Connection(9)-127.0.0.1] org.hibernate.SQL                        : 
    drop table if exists employees cascade 
2025-09-30T06:35:13.113+05:30  WARN 1252 --- [RMI TCP Connection(9)-127.0.0.1] o.s.b.f.support.DisposableBeanAdapter    : Invocation of destroy method failed on bean with name 'inMemoryDatabaseShutdownExecutor': org.h2.jdbc.JdbcSQLNonTransientConnectionException: Database is already closed (to disable automatic closing at VM shutdown, add ";DB_CLOSE_ON_EXIT=FALSE" to the db URL) [90121-232]
2025-09-30T06:35:13.114+05:30  INFO 1252 --- [RMI TCP Connection(9)-127.0.0.1] com.zaxxer.hikari.HikariDataSource       : HikariPool-1 - Shutdown initiated...
2025-09-30T06:35:13.116+05:30  INFO 1252 --- [RMI TCP Connection(9)-127.0.0.1] com.zaxxer.hikari.HikariDataSource       : HikariPool-1 - Shutdown completed.
2025-09-30T06:35:15.569+05:30  INFO 25964 --- [restartedMain] com.spring.restapi.RestApiApplication    : Starting RestApiApplication using Java 17.0.4 with PID 25964 (C:\Springdevtools\RESTAPIs\RestAPI\target\classes started by 91992 in C:\Springdevtools\RESTAPIs\RestAPI)
2025-09-30T06:35:15.573+05:30 DEBUG 25964 --- [restartedMain] com.spring.restapi.RestApiApplication    : Running with Spring Boot v3.5.6, Spring v6.2.11
2025-09-30T06:35:15.574+05:30  INFO 25964 --- [restartedMain] com.spring.restapi.RestApiApplication    : No active profile set, falling back to 1 default profile: "default"
2025-09-30T06:35:16.994+05:30  INFO 25964 --- [restartedMain] o.apache.catalina.core.StandardService   : Starting service [Tomcat]
2025-09-30T06:35:16.994+05:30  INFO 25964 --- [restartedMain] o.apache.catalina.core.StandardEngine    : Starting Servlet engine: [Apache Tomcat/10.1.46]
2025-09-30T06:35:17.067+05:30  INFO 25964 --- [restartedMain] o.a.c.c.C.[Tomcat].[localhost].[/]       : Initializing Spring embedded WebApplicationContext
2025-09-30T06:35:17.606+05:30  INFO 25964 --- [restartedMain] com.zaxxer.hikari.HikariDataSource       : HikariPool-1 - Starting...
2025-09-30T06:35:17.794+05:30  INFO 25964 --- [restartedMain] com.zaxxer.hikari.pool.HikariPool        : HikariPool-1 - Added connection conn0: url=jdbc:h2:mem:testdb user=SA
2025-09-30T06:35:17.796+05:30  INFO 25964 --- [restartedMain] com.zaxxer.hikari.HikariDataSource       : HikariPool-1 - Start completed.
2025-09-30T06:35:17.819+05:30  WARN 25964 --- [restartedMain] org.hibernate.orm.deprecation            : HHH90000025: H2Dialect does not need to be specified explicitly using 'hibernate.dialect' (remove the property setting and it will be selected by default)
2025-09-30T06:35:18.705+05:30 DEBUG 25964 --- [restartedMain] org.hibernate.SQL                        : 
    drop table if exists dataanotations cascade 
2025-09-30T06:35:18.709+05:30 DEBUG 25964 --- [restartedMain] org.hibernate.SQL                        : 
    drop table if exists employees cascade 
2025-09-30T06:35:18.713+05:30 DEBUG 25964 --- [restartedMain] org.hibernate.SQL                        : 
    create table dataanotations (
        id integer not null,
        salary float(53) not null,
        dept varchar(255),
        gender varchar(255),
        name varchar(255),
        primary key (id)
    )
2025-09-30T06:35:18.720+05:30 DEBUG 25964 --- [restartedMain] org.hibernate.SQL                        : 
    create table employees (
        bonus float(53) check (bonus>=0),
        pf float(53) check (pf>=0),
        salary float(53) not null check (salary>=0),
        tax float(53) check (tax>=0),
        id bigint generated by default as identity,
        department varchar(255) not null,
        gender varchar(255) not null,
        name varchar(255) not null,
        primary key (id)
    )
2025-09-30T06:35:19.208+05:30  WARN 25964 --- [restartedMain] JpaBaseConfiguration$JpaWebConfiguration : spring.jpa.open-in-view is enabled by default. Therefore, database queries may be performed during view rendering. Explicitly configure spring.jpa.open-in-view to disable this warning
2025-09-30T06:35:19.704+05:30  INFO 25964 --- [restartedMain] com.spring.restapi.RestApiApplication    : Started RestApiApplication in 4.603 seconds (process running for 5.31)
2025-09-30T06:37:20.020+05:30 DEBUG 25964 --- [Thread-5] org.hibernate.SQL                        : 
    drop table if exists dataanotations cascade 
2025-09-30T06:37:20.021+05:30 DEBUG 25964 --- [Thread-5] org.hibernate.SQL                        : 
    drop table if exists employees cascade 
2025-09-30T06:37:20.028+05:30  WARN 25964 --- [Thread-5] o.s.b.f.support.DisposableBeanAdapter    : Invocation of destroy method failed on bean with name 'inMemoryDatabaseShutdownExecutor': org.h2.jdbc.JdbcSQLNonTransientConnectionException: Database is already closed (to disable automatic closing at VM shutdown, add ";DB_CLOSE_ON_EXIT=FALSE" to the db URL) [90121-232]
2025-09-30T06:37:20.028+05:30  INFO 25964 --- [Thread-5] com.zaxxer.hikari.HikariDataSource       : HikariPool-1 - Shutdown initiated...
2025-09-30T06:37:20.029+05:30  INFO 25964 --- [Thread-5] com.zaxxer.hikari.HikariDataSource       : HikariPool-1 - Shutdown completed.
2025-09-30 06:50:58.173 [restartedMain] INFO  c.s.r.RestApiApplication - Starting RestApiApplication using Java 17.0.4 with PID 14120 (C:\Springdevtools\RESTAPIs\RestAPI\target\classes started by 91992 in C:\Springdevtools\RESTAPIs\RestAPI)
2025-09-30 06:50:58.173 [restartedMain] DEBUG c.s.r.RestApiApplication - Running with Spring Boot v3.5.6, Spring v6.2.11
2025-09-30 06:50:58.173 [restartedMain] INFO  c.s.r.RestApiApplication - No active profile set, falling back to 1 default profile: "default"
2025-09-30 06:50:58.527 [restartedMain] INFO  o.a.c.c.StandardService - Starting service [Tomcat]
2025-09-30 06:50:58.527 [restartedMain] INFO  o.a.c.c.StandardEngine - Starting Servlet engine: [Apache Tomcat/10.1.46]
2025-09-30 06:50:58.555 [restartedMain] INFO  o.a.c.c.C.[.[.[/] - Initializing Spring embedded WebApplicationContext
2025-09-30 06:50:58.601 [restartedMain] INFO  c.z.h.HikariDataSource - HikariPool-2 - Starting...
2025-09-30 06:50:58.603 [restartedMain] INFO  c.z.h.p.HikariPool - HikariPool-2 - Added connection conn10: url=jdbc:h2:mem:testdb user=SA
2025-09-30 06:50:58.603 [restartedMain] INFO  c.z.h.HikariDataSource - HikariPool-2 - Start completed.
2025-09-30 06:50:58.603 [restartedMain] WARN  o.h.orm.deprecation - HHH90000025: H2Dialect does not need to be specified explicitly using 'hibernate.dialect' (remove the property setting and it will be selected by default)
2025-09-30 06:50:58.661 [restartedMain] DEBUG org.hibernate.SQL - 
    drop table if exists dataanotations cascade 
2025-09-30 06:50:58.661 [restartedMain] DEBUG org.hibernate.SQL - 
    drop table if exists employees cascade 
2025-09-30 06:50:58.662 [restartedMain] DEBUG org.hibernate.SQL - 
    create table dataanotations (
        id integer not null,
        salary float(53) not null,
        dept varchar(255),
        gender varchar(255),
        name varchar(255),
        primary key (id)
    )
2025-09-30 06:50:58.663 [restartedMain] DEBUG org.hibernate.SQL - 
    create table employees (
        bonus float(53) check (bonus>=0),
        pf float(53) check (pf>=0),
        salary float(53) not null check (salary>=0),
        tax float(53) check (tax>=0),
        id bigint generated by default as identity,
        department varchar(255) not null,
        gender varchar(255) not null,
        name varchar(255) not null,
        primary key (id)
    )
2025-09-30 06:50:58.747 [restartedMain] WARN  o.s.b.a.o.j.JpaBaseConfiguration$JpaWebConfiguration - spring.jpa.open-in-view is enabled by default. Therefore, database queries may be performed during view rendering. Explicitly configure spring.jpa.open-in-view to disable this warning
2025-09-30 06:50:58.885 [restartedMain] INFO  c.s.r.RestApiApplication - Started RestApiApplication in 0.756 seconds (process running for 189.87)
2025-09-30 06:50:58.890 [restartedMain] INFO  c.s.r.RestApiApplication - REST API Application started successfully!
2025-09-30 06:58:09.224 [Thread-7] DEBUG org.hibernate.SQL - 
    drop table if exists dataanotations cascade 
2025-09-30 06:58:09.226 [Thread-7] DEBUG org.hibernate.SQL - 
    drop table if exists employees cascade 
2025-09-30 06:58:09.228 [Thread-7] WARN  o.s.b.f.s.DisposableBeanAdapter - Invocation of destroy method failed on bean with name 'inMemoryDatabaseShutdownExecutor': org.h2.jdbc.JdbcSQLNonTransientConnectionException: Database is already closed (to disable automatic closing at VM shutdown, add ";DB_CLOSE_ON_EXIT=FALSE" to the db URL) [90121-232]
2025-09-30 06:58:09.228 [Thread-7] INFO  c.z.h.HikariDataSource - HikariPool-2 - Shutdown initiated...
2025-09-30 06:58:09.228 [Thread-7] INFO  c.z.h.HikariDataSource - HikariPool-2 - Shutdown completed.
2025-09-30 06:58:09.274 [restartedMain] INFO  c.s.r.RestApiApplication - ðŸš€ Starting REST API Application...
2025-09-30 06:58:09.274 [restartedMain] INFO  c.s.r.RestApiApplication - â•â•â•â•â•â•â•â•â•â•â•â•â•â•â•â•â•â•â•â•â•â•â•â•â•â•â•â•â•â•â•â•â•â•â•â•â•â•â•â•â•â•â•â•â•â•â•â•â•â•â•
2025-09-30 06:58:09.274 [restartedMain] INFO  c.s.r.RestApiApplication - ðŸ§  Application: Spring Boot REST API
2025-09-30 06:58:09.274 [restartedMain] INFO  c.s.r.RestApiApplication - ðŸ“¦ Profile: default
2025-09-30 06:58:09.274 [restartedMain] INFO  c.s.r.RestApiApplication - ðŸ’» Java Version: 17.0.4
2025-09-30 06:58:09.274 [restartedMain] INFO  c.s.r.RestApiApplication - ðŸ“ Working Directory: C:\Springdevtools\RESTAPIs\RestAPI
2025-09-30 06:58:09.274 [restartedMain] INFO  c.s.r.RestApiApplication - â•â•â•â•â•â•â•â•â•â•â•â•â•â•â•â•â•â•â•â•â•â•â•â•â•â•â•â•â•â•â•â•â•â•â•â•â•â•â•â•â•â•â•â•â•â•â•â•â•â•â•
2025-09-30 06:58:09.311 [restartedMain] INFO  c.s.r.RestApiApplication - Starting RestApiApplication using Java 17.0.4 with PID 14120 (C:\Springdevtools\RESTAPIs\RestAPI\target\classes started by 91992 in C:\Springdevtools\RESTAPIs\RestAPI)
2025-09-30 06:58:09.312 [restartedMain] DEBUG c.s.r.RestApiApplication - Running with Spring Boot v3.5.6, Spring v6.2.11
2025-09-30 06:58:09.312 [restartedMain] INFO  c.s.r.RestApiApplication - No active profile set, falling back to 1 default profile: "default"
2025-09-30 06:58:09.637 [restartedMain] INFO  o.a.c.c.StandardService - Starting service [Tomcat]
2025-09-30 06:58:09.637 [restartedMain] INFO  o.a.c.c.StandardEngine - Starting Servlet engine: [Apache Tomcat/10.1.46]
2025-09-30 06:58:09.663 [restartedMain] INFO  o.a.c.c.C.[.[.[/] - Initializing Spring embedded WebApplicationContext
2025-09-30 06:58:09.704 [restartedMain] INFO  c.z.h.HikariDataSource - HikariPool-3 - Starting...
2025-09-30 06:58:09.705 [restartedMain] INFO  c.z.h.p.HikariPool - HikariPool-3 - Added connection conn20: url=jdbc:h2:mem:testdb user=SA
2025-09-30 06:58:09.706 [restartedMain] INFO  c.z.h.HikariDataSource - HikariPool-3 - Start completed.
2025-09-30 06:58:09.706 [restartedMain] WARN  o.h.orm.deprecation - HHH90000025: H2Dialect does not need to be specified explicitly using 'hibernate.dialect' (remove the property setting and it will be selected by default)
2025-09-30 06:58:09.758 [restartedMain] DEBUG org.hibernate.SQL - 
    drop table if exists dataanotations cascade 
2025-09-30 06:58:09.758 [restartedMain] DEBUG org.hibernate.SQL - 
    drop table if exists employees cascade 
2025-09-30 06:58:09.759 [restartedMain] DEBUG org.hibernate.SQL - 
    create table dataanotations (
        id integer not null,
        salary float(53) not null,
        dept varchar(255),
        gender varchar(255),
        name varchar(255),
        primary key (id)
    )
2025-09-30 06:58:09.760 [restartedMain] DEBUG org.hibernate.SQL - 
    create table employees (
        bonus float(53) check (bonus>=0),
        pf float(53) check (pf>=0),
        salary float(53) not null check (salary>=0),
        tax float(53) check (tax>=0),
        id bigint generated by default as identity,
        department varchar(255) not null,
        gender varchar(255) not null,
        name varchar(255) not null,
        primary key (id)
    )
2025-09-30 06:58:09.833 [restartedMain] WARN  o.s.b.a.o.j.JpaBaseConfiguration$JpaWebConfiguration - spring.jpa.open-in-view is enabled by default. Therefore, database queries may be performed during view rendering. Explicitly configure spring.jpa.open-in-view to disable this warning
2025-09-30 06:58:09.954 [restartedMain] INFO  c.s.r.RestApiApplication - Started RestApiApplication in 0.675 seconds (process running for 620.939)
2025-09-30 06:58:09.955 [restartedMain] INFO  c.s.r.RestApiApplication - ðŸŽ‰ REST API Application started successfully!
2025-09-30 06:58:09.956 [restartedMain] INFO  c.s.r.RestApiApplication - ðŸŒŸ Ready to handle requests!
2025-09-30 06:58:09.956 [restartedMain] INFO  c.s.r.RestApiApplication - ðŸ“Š Swagger UI: http://localhost:8080/swagger-ui.html
2025-09-30 06:58:09.956 [restartedMain] INFO  c.s.r.RestApiApplication - ðŸ“š API Docs: http://localhost:8080/v3/api-docs
2025-09-30 06:58:10.830 [RMI TCP Connection(18)-127.0.0.1] DEBUG org.hibernate.SQL - 
    drop table if exists dataanotations cascade 
2025-09-30 06:58:10.831 [RMI TCP Connection(18)-127.0.0.1] DEBUG org.hibernate.SQL - 
    drop table if exists employees cascade 
2025-09-30 06:58:10.833 [RMI TCP Connection(18)-127.0.0.1] WARN  o.s.b.f.s.DisposableBeanAdapter - Invocation of destroy method failed on bean with name 'inMemoryDatabaseShutdownExecutor': org.h2.jdbc.JdbcSQLNonTransientConnectionException: Database is already closed (to disable automatic closing at VM shutdown, add ";DB_CLOSE_ON_EXIT=FALSE" to the db URL) [90121-232]
2025-09-30 06:58:10.834 [RMI TCP Connection(18)-127.0.0.1] INFO  c.z.h.HikariDataSource - HikariPool-3 - Shutdown initiated...
2025-09-30 06:58:10.835 [RMI TCP Connection(18)-127.0.0.1] INFO  c.z.h.HikariDataSource - HikariPool-3 - Shutdown completed.
2025-09-30 06:58:13.400 [restartedMain] INFO  c.s.r.RestApiApplication - Starting RestApiApplication using Java 17.0.4 with PID 24896 (C:\Springdevtools\RESTAPIs\RestAPI\target\classes started by 91992 in C:\Springdevtools\RESTAPIs\RestAPI)
2025-09-30 06:58:13.401 [restartedMain] DEBUG c.s.r.RestApiApplication - Running with Spring Boot v3.5.6, Spring v6.2.11
2025-09-30 06:58:13.402 [restartedMain] INFO  c.s.r.RestApiApplication - No active profile set, falling back to 1 default profile: "default"
2025-09-30 06:58:14.876 [restartedMain] INFO  o.a.c.c.StandardService - Starting service [Tomcat]
2025-09-30 06:58:14.877 [restartedMain] INFO  o.a.c.c.StandardEngine - Starting Servlet engine: [Apache Tomcat/10.1.46]
2025-09-30 06:58:14.946 [restartedMain] INFO  o.a.c.c.C.[.[.[/] - Initializing Spring embedded WebApplicationContext
2025-09-30 06:58:15.508 [restartedMain] INFO  c.z.h.HikariDataSource - HikariPool-1 - Starting...
2025-09-30 06:58:15.689 [restartedMain] INFO  c.z.h.p.HikariPool - HikariPool-1 - Added connection conn0: url=jdbc:h2:mem:testdb user=SA
2025-09-30 06:58:15.691 [restartedMain] INFO  c.z.h.HikariDataSource - HikariPool-1 - Start completed.
2025-09-30 06:58:15.714 [restartedMain] WARN  o.h.orm.deprecation - HHH90000025: H2Dialect does not need to be specified explicitly using 'hibernate.dialect' (remove the property setting and it will be selected by default)
2025-09-30 06:58:16.624 [restartedMain] DEBUG org.hibernate.SQL - 
    drop table if exists dataanotations cascade 
2025-09-30 06:58:16.629 [restartedMain] DEBUG org.hibernate.SQL - 
    drop table if exists employees cascade 
2025-09-30 06:58:16.633 [restartedMain] DEBUG org.hibernate.SQL - 
    create table dataanotations (
        id integer not null,
        salary float(53) not null,
        dept varchar(255),
        gender varchar(255),
        name varchar(255),
        primary key (id)
    )
2025-09-30 06:58:16.639 [restartedMain] DEBUG org.hibernate.SQL - 
    create table employees (
        bonus float(53) check (bonus>=0),
        pf float(53) check (pf>=0),
        salary float(53) not null check (salary>=0),
        tax float(53) check (tax>=0),
        id bigint generated by default as identity,
        department varchar(255) not null,
        gender varchar(255) not null,
        name varchar(255) not null,
        primary key (id)
    )
2025-09-30 06:58:17.110 [restartedMain] WARN  o.s.b.a.o.j.JpaBaseConfiguration$JpaWebConfiguration - spring.jpa.open-in-view is enabled by default. Therefore, database queries may be performed during view rendering. Explicitly configure spring.jpa.open-in-view to disable this warning
2025-09-30 06:58:17.611 [restartedMain] INFO  c.s.r.RestApiApplication - Started RestApiApplication in 4.667 seconds (process running for 5.34)
2025-09-30 06:58:17.616 [restartedMain] INFO  c.s.r.RestApiApplication - ðŸŽ‰ REST API Application started successfully!
2025-09-30 06:58:17.616 [restartedMain] INFO  c.s.r.RestApiApplication - ðŸŒŸ Ready to handle requests!
2025-09-30 06:58:17.616 [restartedMain] INFO  c.s.r.RestApiApplication - ðŸ“Š Swagger UI: http://localhost:8080/swagger-ui.html
2025-09-30 06:58:17.616 [restartedMain] INFO  c.s.r.RestApiApplication - ðŸ“š API Docs: http://localhost:8080/v3/api-docs
2025-09-30 07:01:17.222 [Thread-5] DEBUG org.hibernate.SQL - 
    drop table if exists dataanotations cascade 
2025-09-30 07:01:17.224 [Thread-5] DEBUG org.hibernate.SQL - 
    drop table if exists employees cascade 
2025-09-30 07:01:17.230 [Thread-5] WARN  o.s.b.f.s.DisposableBeanAdapter - Invocation of destroy method failed on bean with name 'inMemoryDatabaseShutdownExecutor': org.h2.jdbc.JdbcSQLNonTransientConnectionException: Database is already closed (to disable automatic closing at VM shutdown, add ";DB_CLOSE_ON_EXIT=FALSE" to the db URL) [90121-232]
2025-09-30 07:01:17.230 [Thread-5] INFO  c.z.h.HikariDataSource - HikariPool-1 - Shutdown initiated...
2025-09-30 07:01:17.232 [Thread-5] INFO  c.z.h.HikariDataSource - HikariPool-1 - Shutdown completed.
2025-09-30 07:01:17.304 [restartedMain] INFO  c.s.r.RestApiApplication - Starting RestApiApplication using Java 17.0.4 with PID 24896 (C:\Springdevtools\RESTAPIs\RestAPI\target\classes started by 91992 in C:\Springdevtools\RESTAPIs\RestAPI)
2025-09-30 07:01:17.305 [restartedMain] DEBUG c.s.r.RestApiApplication - Running with Spring Boot v3.5.6, Spring v6.2.11
2025-09-30 07:01:17.305 [restartedMain] INFO  c.s.r.RestApiApplication - No active profile set, falling back to 1 default profile: "default"
2025-09-30 07:01:17.642 [restartedMain] INFO  o.a.c.c.StandardService - Starting service [Tomcat]
2025-09-30 07:01:17.642 [restartedMain] INFO  o.a.c.c.StandardEngine - Starting Servlet engine: [Apache Tomcat/10.1.46]
2025-09-30 07:01:17.671 [restartedMain] INFO  o.a.c.c.C.[.[.[/] - Initializing Spring embedded WebApplicationContext
2025-09-30 07:01:17.719 [restartedMain] INFO  c.z.h.HikariDataSource - HikariPool-2 - Starting...
2025-09-30 07:01:17.720 [restartedMain] INFO  c.z.h.p.HikariPool - HikariPool-2 - Added connection conn10: url=jdbc:h2:mem:testdb user=SA
2025-09-30 07:01:17.720 [restartedMain] INFO  c.z.h.HikariDataSource - HikariPool-2 - Start completed.
2025-09-30 07:01:17.721 [restartedMain] WARN  o.h.orm.deprecation - HHH90000025: H2Dialect does not need to be specified explicitly using 'hibernate.dialect' (remove the property setting and it will be selected by default)
2025-09-30 07:01:17.781 [restartedMain] DEBUG org.hibernate.SQL - 
    drop table if exists dataanotations cascade 
2025-09-30 07:01:17.782 [restartedMain] DEBUG org.hibernate.SQL - 
    drop table if exists employees cascade 
2025-09-30 07:01:17.783 [restartedMain] DEBUG org.hibernate.SQL - 
    create table dataanotations (
        id integer not null,
        salary float(53) not null,
        dept varchar(255),
        gender varchar(255),
        name varchar(255),
        primary key (id)
    )
2025-09-30 07:01:17.784 [restartedMain] DEBUG org.hibernate.SQL - 
    create table employees (
        bonus float(53) check (bonus>=0),
        pf float(53) check (pf>=0),
        salary float(53) not null check (salary>=0),
        tax float(53) check (tax>=0),
        id bigint generated by default as identity,
        department varchar(255) not null,
        gender varchar(255) not null,
        name varchar(255) not null,
        primary key (id)
    )
2025-09-30 07:01:17.863 [restartedMain] WARN  o.s.b.a.o.j.JpaBaseConfiguration$JpaWebConfiguration - spring.jpa.open-in-view is enabled by default. Therefore, database queries may be performed during view rendering. Explicitly configure spring.jpa.open-in-view to disable this warning
2025-09-30 07:01:17.995 [restartedMain] INFO  c.s.r.RestApiApplication - Started RestApiApplication in 0.72 seconds (process running for 185.723)
2025-09-30 07:01:17.997 [restartedMain] INFO  c.s.r.RestApiApplication - ðŸŽ‰ REST API Application started successfully!
2025-09-30 07:01:17.997 [restartedMain] INFO  c.s.r.RestApiApplication - ðŸŒŸ Ready to handle requests!
2025-09-30 07:01:17.997 [restartedMain] INFO  c.s.r.RestApiApplication - ðŸ“Š Swagger UI: http://localhost:8080/swagger-ui.html
2025-09-30 07:01:17.997 [restartedMain] INFO  c.s.r.RestApiApplication - ðŸ“š API Docs: http://localhost:8080/v3/api-docs
2025-09-30 07:01:54.293 [Thread-7] DEBUG org.hibernate.SQL - 
    drop table if exists dataanotations cascade 
2025-09-30 07:01:54.293 [Thread-7] DEBUG org.hibernate.SQL - 
    drop table if exists employees cascade 
2025-09-30 07:01:54.294 [Thread-7] WARN  o.s.b.f.s.DisposableBeanAdapter - Invocation of destroy method failed on bean with name 'inMemoryDatabaseShutdownExecutor': org.h2.jdbc.JdbcSQLNonTransientConnectionException: Database is already closed (to disable automatic closing at VM shutdown, add ";DB_CLOSE_ON_EXIT=FALSE" to the db URL) [90121-232]
2025-09-30 07:01:54.295 [Thread-7] INFO  c.z.h.HikariDataSource - HikariPool-2 - Shutdown initiated...
2025-09-30 07:01:54.295 [Thread-7] INFO  c.z.h.HikariDataSource - HikariPool-2 - Shutdown completed.
2025-09-30 07:01:54.364 [restartedMain] INFO  c.s.r.RestApiApplication - Starting RestApiApplication using Java 17.0.4 with PID 24896 (C:\Springdevtools\RESTAPIs\RestAPI\target\classes started by 91992 in C:\Springdevtools\RESTAPIs\RestAPI)
2025-09-30 07:01:54.364 [restartedMain] DEBUG c.s.r.RestApiApplication - Running with Spring Boot v3.5.6, Spring v6.2.11
2025-09-30 07:01:54.364 [restartedMain] INFO  c.s.r.RestApiApplication - No active profile set, falling back to 1 default profile: "default"
2025-09-30 07:01:54.666 [restartedMain] INFO  o.a.c.c.StandardService - Starting service [Tomcat]
2025-09-30 07:01:54.667 [restartedMain] INFO  o.a.c.c.StandardEngine - Starting Servlet engine: [Apache Tomcat/10.1.46]
2025-09-30 07:01:54.694 [restartedMain] INFO  o.a.c.c.C.[.[.[/] - Initializing Spring embedded WebApplicationContext
2025-09-30 07:01:54.745 [restartedMain] INFO  c.z.h.HikariDataSource - HikariPool-3 - Starting...
2025-09-30 07:01:54.747 [restartedMain] INFO  c.z.h.p.HikariPool - HikariPool-3 - Added connection conn20: url=jdbc:h2:mem:testdb user=SA
2025-09-30 07:01:54.748 [restartedMain] INFO  c.z.h.HikariDataSource - HikariPool-3 - Start completed.
2025-09-30 07:01:54.749 [restartedMain] WARN  o.h.orm.deprecation - HHH90000025: H2Dialect does not need to be specified explicitly using 'hibernate.dialect' (remove the property setting and it will be selected by default)
2025-09-30 07:01:54.806 [restartedMain] DEBUG org.hibernate.SQL - 
    drop table if exists dataanotations cascade 
2025-09-30 07:01:54.807 [restartedMain] DEBUG org.hibernate.SQL - 
    drop table if exists employees cascade 
2025-09-30 07:01:54.807 [restartedMain] DEBUG org.hibernate.SQL - 
    create table dataanotations (
        id integer not null,
        salary float(53) not null,
        dept varchar(255),
        gender varchar(255),
        name varchar(255),
        primary key (id)
    )
2025-09-30 07:01:54.808 [restartedMain] DEBUG org.hibernate.SQL - 
    create table employees (
        bonus float(53) check (bonus>=0),
        pf float(53) check (pf>=0),
        salary float(53) not null check (salary>=0),
        tax float(53) check (tax>=0),
        id bigint generated by default as identity,
        department varchar(255) not null,
        gender varchar(255) not null,
        name varchar(255) not null,
        primary key (id)
    )
2025-09-30 07:01:54.881 [restartedMain] WARN  o.s.b.a.o.j.JpaBaseConfiguration$JpaWebConfiguration - spring.jpa.open-in-view is enabled by default. Therefore, database queries may be performed during view rendering. Explicitly configure spring.jpa.open-in-view to disable this warning
2025-09-30 07:01:55.003 [restartedMain] INFO  c.s.r.RestApiApplication - Started RestApiApplication in 0.665 seconds (process running for 222.731)
2025-09-30 07:01:55.004 [restartedMain] INFO  c.s.r.RestApiApplication - ðŸŽ‰ REST API Application started successfully!
2025-09-30 07:01:55.004 [restartedMain] INFO  c.s.r.RestApiApplication - ðŸŒŸ Ready to handle requests!
2025-09-30 07:01:55.004 [restartedMain] INFO  c.s.r.RestApiApplication - ðŸ“Š Swagger UI: http://localhost:8080/swagger-ui.html
2025-09-30 07:01:55.004 [restartedMain] INFO  c.s.r.RestApiApplication - ðŸ“š API Docs: http://localhost:8080/v3/api-docs
2025-09-30 07:01:56.429 [RMI TCP Connection(13)-127.0.0.1] DEBUG org.hibernate.SQL - 
    drop table if exists dataanotations cascade 
2025-09-30 07:01:56.430 [RMI TCP Connection(13)-127.0.0.1] DEBUG org.hibernate.SQL - 
    drop table if exists employees cascade 
2025-09-30 07:01:56.431 [RMI TCP Connection(13)-127.0.0.1] WARN  o.s.b.f.s.DisposableBeanAdapter - Invocation of destroy method failed on bean with name 'inMemoryDatabaseShutdownExecutor': org.h2.jdbc.JdbcSQLNonTransientConnectionException: Database is already closed (to disable automatic closing at VM shutdown, add ";DB_CLOSE_ON_EXIT=FALSE" to the db URL) [90121-232]
2025-09-30 07:01:56.431 [RMI TCP Connection(13)-127.0.0.1] INFO  c.z.h.HikariDataSource - HikariPool-3 - Shutdown initiated...
2025-09-30 07:01:56.432 [RMI TCP Connection(13)-127.0.0.1] INFO  c.z.h.HikariDataSource - HikariPool-3 - Shutdown completed.
2025-09-30 07:01:59.056 [restartedMain] INFO  c.s.r.RestApiApplication - Starting RestApiApplication using Java 17.0.4 with PID 27764 (C:\Springdevtools\RESTAPIs\RestAPI\target\classes started by 91992 in C:\Springdevtools\RESTAPIs\RestAPI)
2025-09-30 07:01:59.058 [restartedMain] DEBUG c.s.r.RestApiApplication - Running with Spring Boot v3.5.6, Spring v6.2.11
2025-09-30 07:01:59.059 [restartedMain] INFO  c.s.r.RestApiApplication - No active profile set, falling back to 1 default profile: "default"
2025-09-30 07:02:00.479 [restartedMain] INFO  o.a.c.c.StandardService - Starting service [Tomcat]
2025-09-30 07:02:00.479 [restartedMain] INFO  o.a.c.c.StandardEngine - Starting Servlet engine: [Apache Tomcat/10.1.46]
2025-09-30 07:02:00.541 [restartedMain] INFO  o.a.c.c.C.[.[.[/] - Initializing Spring embedded WebApplicationContext
2025-09-30 07:02:01.097 [restartedMain] INFO  c.z.h.HikariDataSource - HikariPool-1 - Starting...
2025-09-30 07:02:01.272 [restartedMain] INFO  c.z.h.p.HikariPool - HikariPool-1 - Added connection conn0: url=jdbc:h2:mem:testdb user=SA
2025-09-30 07:02:01.275 [restartedMain] INFO  c.z.h.HikariDataSource - HikariPool-1 - Start completed.
2025-09-30 07:02:01.299 [restartedMain] WARN  o.h.orm.deprecation - HHH90000025: H2Dialect does not need to be specified explicitly using 'hibernate.dialect' (remove the property setting and it will be selected by default)
2025-09-30 07:02:02.203 [restartedMain] DEBUG org.hibernate.SQL - 
    drop table if exists dataanotations cascade 
2025-09-30 07:02:02.208 [restartedMain] DEBUG org.hibernate.SQL - 
    drop table if exists employees cascade 
2025-09-30 07:02:02.214 [restartedMain] DEBUG org.hibernate.SQL - 
    create table dataanotations (
        id integer not null,
        salary float(53) not null,
        dept varchar(255),
        gender varchar(255),
        name varchar(255),
        primary key (id)
    )
2025-09-30 07:02:02.223 [restartedMain] DEBUG org.hibernate.SQL - 
    create table employees (
        bonus float(53) check (bonus>=0),
        pf float(53) check (pf>=0),
        salary float(53) not null check (salary>=0),
        tax float(53) check (tax>=0),
        id bigint generated by default as identity,
        department varchar(255) not null,
        gender varchar(255) not null,
        name varchar(255) not null,
        primary key (id)
    )
2025-09-30 07:02:02.713 [restartedMain] WARN  o.s.b.a.o.j.JpaBaseConfiguration$JpaWebConfiguration - spring.jpa.open-in-view is enabled by default. Therefore, database queries may be performed during view rendering. Explicitly configure spring.jpa.open-in-view to disable this warning
2025-09-30 07:02:03.223 [restartedMain] INFO  c.s.r.RestApiApplication - Started RestApiApplication in 4.64 seconds (process running for 5.342)
2025-09-30 07:02:03.228 [restartedMain] INFO  c.s.r.RestApiApplication - ðŸŽ‰ REST API Application started successfully!
2025-09-30 07:02:03.228 [restartedMain] INFO  c.s.r.RestApiApplication - ðŸŒŸ Ready to handle requests!
2025-09-30 07:02:03.228 [restartedMain] INFO  c.s.r.RestApiApplication - ðŸ“Š Swagger UI: http://localhost:8080/swagger-ui.html
2025-09-30 07:02:03.228 [restartedMain] INFO  c.s.r.RestApiApplication - ðŸ“š API Docs: http://localhost:8080/v3/api-docs
2025-09-30 07:02:14.638 [RMI TCP Connection(7)-127.0.0.1] DEBUG org.hibernate.SQL - 
    drop table if exists dataanotations cascade 
2025-09-30 07:02:14.639 [RMI TCP Connection(7)-127.0.0.1] DEBUG org.hibernate.SQL - 
    drop table if exists employees cascade 
2025-09-30 07:02:14.648 [RMI TCP Connection(7)-127.0.0.1] WARN  o.s.b.f.s.DisposableBeanAdapter - Invocation of destroy method failed on bean with name 'inMemoryDatabaseShutdownExecutor': org.h2.jdbc.JdbcSQLNonTransientConnectionException: Database is already closed (to disable automatic closing at VM shutdown, add ";DB_CLOSE_ON_EXIT=FALSE" to the db URL) [90121-232]
2025-09-30 07:02:14.648 [RMI TCP Connection(7)-127.0.0.1] INFO  c.z.h.HikariDataSource - HikariPool-1 - Shutdown initiated...
2025-09-30 07:02:14.652 [RMI TCP Connection(7)-127.0.0.1] INFO  c.z.h.HikariDataSource - HikariPool-1 - Shutdown completed.
