2025-11-11 11:39:02.298 [restartedMain] INFO  c.s.r.RestApiApplication - Starting RestApiApplication using Java 17.0.4 with PID 19692 (C:\Springdevtools\EMPSYNC\empsync-backend\target\classes started by 91992 in C:\Springdevtools\EMPSYNC\empsync-backend)
2025-11-11 11:39:02.309 [restartedMain] DEBUG c.s.r.RestApiApplication - Running with Spring Boot v3.5.6, Spring v6.2.11
2025-11-11 11:39:02.311 [restartedMain] INFO  c.s.r.RestApiApplication - No active profile set, falling back to 1 default profile: "default"
2025-11-11 11:39:04.467 [restartedMain] WARN  i.u.websockets.jsr - UT026010: Buffer pool was not set on WebSocketDeploymentInfo, the default pool will be used
2025-11-11 11:39:04.508 [restartedMain] INFO  io.undertow.servlet - Initializing Spring embedded WebApplicationContext
2025-11-11 11:39:05.410 [restartedMain] INFO  c.z.h.HikariDataSource - HikariPool-1 - Starting...
2025-11-11 11:39:07.058 [restartedMain] WARN  o.h.e.j.s.SqlExceptionHelper - SQL Error: 1045, SQLState: 28000
2025-11-11 11:39:07.058 [restartedMain] ERROR o.h.e.j.s.SqlExceptionHelper - Access denied for user 'root'@'localhost' (using password: YES)
2025-11-11 11:39:07.059 [restartedMain] WARN  o.h.e.j.e.i.JdbcEnvironmentInitiator - HHH000342: Could not obtain connection to query metadata
org.hibernate.exception.GenericJDBCException: unable to obtain isolated JDBC connection [Access denied for user 'root'@'localhost' (using password: YES)] [n/a]
	at org.hibernate.exception.internal.StandardSQLExceptionConverter.convert(StandardSQLExceptionConverter.java:63)
	at org.hibernate.engine.jdbc.spi.SqlExceptionHelper.convert(SqlExceptionHelper.java:108)
	at org.hibernate.engine.jdbc.spi.SqlExceptionHelper.convert(SqlExceptionHelper.java:94)
	at org.hibernate.resource.transaction.backend.jdbc.internal.JdbcIsolationDelegate.delegateWork(JdbcIsolationDelegate.java:116)
	at org.hibernate.engine.jdbc.env.internal.JdbcEnvironmentInitiator.getJdbcEnvironmentUsingJdbcMetadata(JdbcEnvironmentInitiator.java:334)
	at org.hibernate.engine.jdbc.env.internal.JdbcEnvironmentInitiator.initiateService(JdbcEnvironmentInitiator.java:129)
	at org.hibernate.engine.jdbc.env.internal.JdbcEnvironmentInitiator.initiateService(JdbcEnvironmentInitiator.java:81)
	at org.hibernate.boot.registry.internal.StandardServiceRegistryImpl.initiateService(StandardServiceRegistryImpl.java:130)
	at org.hibernate.service.internal.AbstractServiceRegistryImpl.createService(AbstractServiceRegistryImpl.java:263)
	at org.hibernate.service.internal.AbstractServiceRegistryImpl.initializeService(AbstractServiceRegistryImpl.java:238)
	at org.hibernate.service.internal.AbstractServiceRegistryImpl.getService(AbstractServiceRegistryImpl.java:215)
	at org.hibernate.boot.model.relational.Database.<init>(Database.java:45)
	at org.hibernate.boot.internal.InFlightMetadataCollectorImpl.getDatabase(InFlightMetadataCollectorImpl.java:226)
	at org.hibernate.boot.internal.InFlightMetadataCollectorImpl.<init>(InFlightMetadataCollectorImpl.java:194)
	at org.hibernate.boot.model.process.spi.MetadataBuildingProcess.complete(MetadataBuildingProcess.java:171)
	at org.hibernate.jpa.boot.internal.EntityManagerFactoryBuilderImpl.metadata(EntityManagerFactoryBuilderImpl.java:1442)
	at org.hibernate.jpa.boot.internal.EntityManagerFactoryBuilderImpl.build(EntityManagerFactoryBuilderImpl.java:1513)
	at org.springframework.orm.jpa.vendor.SpringHibernateJpaPersistenceProvider.createContainerEntityManagerFactory(SpringHibernateJpaPersistenceProvider.java:66)
	at org.springframework.orm.jpa.LocalContainerEntityManagerFactoryBean.createNativeEntityManagerFactory(LocalContainerEntityManagerFactoryBean.java:390)
	at org.springframework.orm.jpa.AbstractEntityManagerFactoryBean.buildNativeEntityManagerFactory(AbstractEntityManagerFactoryBean.java:419)
	at org.springframework.orm.jpa.AbstractEntityManagerFactoryBean.afterPropertiesSet(AbstractEntityManagerFactoryBean.java:400)
	at org.springframework.orm.jpa.LocalContainerEntityManagerFactoryBean.afterPropertiesSet(LocalContainerEntityManagerFactoryBean.java:366)
	at org.springframework.beans.factory.support.AbstractAutowireCapableBeanFactory.invokeInitMethods(AbstractAutowireCapableBeanFactory.java:1873)
	at org.springframework.beans.factory.support.AbstractAutowireCapableBeanFactory.initializeBean(AbstractAutowireCapableBeanFactory.java:1822)
	at org.springframework.beans.factory.support.AbstractAutowireCapableBeanFactory.doCreateBean(AbstractAutowireCapableBeanFactory.java:607)
	at org.springframework.beans.factory.support.AbstractAutowireCapableBeanFactory.createBean(AbstractAutowireCapableBeanFactory.java:529)
	at org.springframework.beans.factory.support.AbstractBeanFactory.lambda$doGetBean$0(AbstractBeanFactory.java:339)
	at org.springframework.beans.factory.support.DefaultSingletonBeanRegistry.getSingleton(DefaultSingletonBeanRegistry.java:373)
	at org.springframework.beans.factory.support.AbstractBeanFactory.doGetBean(AbstractBeanFactory.java:337)
	at org.springframework.beans.factory.support.AbstractBeanFactory.getBean(AbstractBeanFactory.java:207)
	at org.springframework.context.support.AbstractApplicationContext.finishBeanFactoryInitialization(AbstractApplicationContext.java:970)
	at org.springframework.context.support.AbstractApplicationContext.refresh(AbstractApplicationContext.java:627)
	at org.springframework.boot.web.servlet.context.ServletWebServerApplicationContext.refresh(ServletWebServerApplicationContext.java:146)
	at org.springframework.boot.SpringApplication.refresh(SpringApplication.java:752)
	at org.springframework.boot.SpringApplication.refreshContext(SpringApplication.java:439)
	at org.springframework.boot.SpringApplication.run(SpringApplication.java:318)
	at org.springframework.boot.SpringApplication.run(SpringApplication.java:1361)
	at org.springframework.boot.SpringApplication.run(SpringApplication.java:1350)
	at com.spring.restapi.RestApiApplication.main(RestApiApplication.java:15)
	at java.base/jdk.internal.reflect.NativeMethodAccessorImpl.invoke0(Native Method)
	at java.base/jdk.internal.reflect.NativeMethodAccessorImpl.invoke(NativeMethodAccessorImpl.java:77)
	at java.base/jdk.internal.reflect.DelegatingMethodAccessorImpl.invoke(DelegatingMethodAccessorImpl.java:43)
	at java.base/java.lang.reflect.Method.invoke(Method.java:568)
	at org.springframework.boot.devtools.restart.RestartLauncher.run(RestartLauncher.java:50)
Caused by: java.sql.SQLException: Access denied for user 'root'@'localhost' (using password: YES)
	at com.mysql.cj.jdbc.exceptions.SQLError.createSQLException(SQLError.java:121)
	at com.mysql.cj.jdbc.exceptions.SQLExceptionsMapping.translateException(SQLExceptionsMapping.java:114)
	at com.mysql.cj.jdbc.ConnectionImpl.createNewIO(ConnectionImpl.java:839)
	at com.mysql.cj.jdbc.ConnectionImpl.<init>(ConnectionImpl.java:415)
	at com.mysql.cj.jdbc.ConnectionImpl.getInstance(ConnectionImpl.java:237)
	at com.mysql.cj.jdbc.NonRegisteringDriver.connect(NonRegisteringDriver.java:180)
	at com.zaxxer.hikari.util.DriverDataSource.getConnection(DriverDataSource.java:144)
	at com.zaxxer.hikari.pool.PoolBase.newConnection(PoolBase.java:370)
	at com.zaxxer.hikari.pool.PoolBase.newPoolEntry(PoolBase.java:207)
	at com.zaxxer.hikari.pool.HikariPool.createPoolEntry(HikariPool.java:488)
	at com.zaxxer.hikari.pool.HikariPool.checkFailFast(HikariPool.java:576)
	at com.zaxxer.hikari.pool.HikariPool.<init>(HikariPool.java:97)
	at com.zaxxer.hikari.HikariDataSource.getConnection(HikariDataSource.java:111)
	at org.hibernate.engine.jdbc.connections.internal.DatasourceConnectionProviderImpl.getConnection(DatasourceConnectionProviderImpl.java:126)
	at org.hibernate.engine.jdbc.env.internal.JdbcEnvironmentInitiator$ConnectionProviderJdbcConnectionAccess.obtainConnection(JdbcEnvironmentInitiator.java:485)
	at org.hibernate.resource.transaction.backend.jdbc.internal.JdbcIsolationDelegate.delegateWork(JdbcIsolationDelegate.java:61)
	... 40 common frames omitted
2025-11-11 11:39:07.089 [restartedMain] WARN  o.h.orm.deprecation - HHH90000025: MySQLDialect does not need to be specified explicitly using 'hibernate.dialect' (remove the property setting and it will be selected by default)
2025-11-11 11:39:08.176 [restartedMain] INFO  c.z.h.HikariDataSource - HikariPool-1 - Starting...
2025-11-11 11:39:09.206 [restartedMain] WARN  o.h.e.j.s.SqlExceptionHelper - SQL Error: 1045, SQLState: 28000
2025-11-11 11:39:09.207 [restartedMain] ERROR o.h.e.j.s.SqlExceptionHelper - Access denied for user 'root'@'localhost' (using password: YES)
2025-11-11 11:39:09.213 [restartedMain] ERROR o.s.o.j.LocalContainerEntityManagerFactoryBean - Failed to initialize JPA EntityManagerFactory: [PersistenceUnit: default] Unable to build Hibernate SessionFactory; nested exception is org.hibernate.exception.GenericJDBCException: Unable to open JDBC Connection for DDL execution [Access denied for user 'root'@'localhost' (using password: YES)] [n/a]
2025-11-11 11:39:09.214 [restartedMain] WARN  o.s.b.w.s.c.AnnotationConfigServletWebServerApplicationContext - Exception encountered during context initialization - cancelling refresh attempt: org.springframework.beans.factory.BeanCreationException: Error creating bean with name 'entityManagerFactory' defined in class path resource [org/springframework/boot/autoconfigure/orm/jpa/HibernateJpaConfiguration.class]: [PersistenceUnit: default] Unable to build Hibernate SessionFactory; nested exception is org.hibernate.exception.GenericJDBCException: Unable to open JDBC Connection for DDL execution [Access denied for user 'root'@'localhost' (using password: YES)] [n/a]
2025-11-11 11:39:09.257 [restartedMain] ERROR o.s.b.SpringApplication - Application run failed
org.springframework.beans.factory.BeanCreationException: Error creating bean with name 'entityManagerFactory' defined in class path resource [org/springframework/boot/autoconfigure/orm/jpa/HibernateJpaConfiguration.class]: [PersistenceUnit: default] Unable to build Hibernate SessionFactory; nested exception is org.hibernate.exception.GenericJDBCException: Unable to open JDBC Connection for DDL execution [Access denied for user 'root'@'localhost' (using password: YES)] [n/a]
	at org.springframework.beans.factory.support.AbstractAutowireCapableBeanFactory.initializeBean(AbstractAutowireCapableBeanFactory.java:1826)
	at org.springframework.beans.factory.support.AbstractAutowireCapableBeanFactory.doCreateBean(AbstractAutowireCapableBeanFactory.java:607)
	at org.springframework.beans.factory.support.AbstractAutowireCapableBeanFactory.createBean(AbstractAutowireCapableBeanFactory.java:529)
	at org.springframework.beans.factory.support.AbstractBeanFactory.lambda$doGetBean$0(AbstractBeanFactory.java:339)
	at org.springframework.beans.factory.support.DefaultSingletonBeanRegistry.getSingleton(DefaultSingletonBeanRegistry.java:373)
	at org.springframework.beans.factory.support.AbstractBeanFactory.doGetBean(AbstractBeanFactory.java:337)
	at org.springframework.beans.factory.support.AbstractBeanFactory.getBean(AbstractBeanFactory.java:207)
	at org.springframework.context.support.AbstractApplicationContext.finishBeanFactoryInitialization(AbstractApplicationContext.java:970)
	at org.springframework.context.support.AbstractApplicationContext.refresh(AbstractApplicationContext.java:627)
	at org.springframework.boot.web.servlet.context.ServletWebServerApplicationContext.refresh(ServletWebServerApplicationContext.java:146)
	at org.springframework.boot.SpringApplication.refresh(SpringApplication.java:752)
	at org.springframework.boot.SpringApplication.refreshContext(SpringApplication.java:439)
	at org.springframework.boot.SpringApplication.run(SpringApplication.java:318)
	at org.springframework.boot.SpringApplication.run(SpringApplication.java:1361)
	at org.springframework.boot.SpringApplication.run(SpringApplication.java:1350)
	at com.spring.restapi.RestApiApplication.main(RestApiApplication.java:15)
	at java.base/jdk.internal.reflect.NativeMethodAccessorImpl.invoke0(Native Method)
	at java.base/jdk.internal.reflect.NativeMethodAccessorImpl.invoke(NativeMethodAccessorImpl.java:77)
	at java.base/jdk.internal.reflect.DelegatingMethodAccessorImpl.invoke(DelegatingMethodAccessorImpl.java:43)
	at java.base/java.lang.reflect.Method.invoke(Method.java:568)
	at org.springframework.boot.devtools.restart.RestartLauncher.run(RestartLauncher.java:50)
Caused by: jakarta.persistence.PersistenceException: [PersistenceUnit: default] Unable to build Hibernate SessionFactory; nested exception is org.hibernate.exception.GenericJDBCException: Unable to open JDBC Connection for DDL execution [Access denied for user 'root'@'localhost' (using password: YES)] [n/a]
	at org.springframework.orm.jpa.AbstractEntityManagerFactoryBean.buildNativeEntityManagerFactory(AbstractEntityManagerFactoryBean.java:431)
	at org.springframework.orm.jpa.AbstractEntityManagerFactoryBean.afterPropertiesSet(AbstractEntityManagerFactoryBean.java:400)
	at org.springframework.orm.jpa.LocalContainerEntityManagerFactoryBean.afterPropertiesSet(LocalContainerEntityManagerFactoryBean.java:366)
	at org.springframework.beans.factory.support.AbstractAutowireCapableBeanFactory.invokeInitMethods(AbstractAutowireCapableBeanFactory.java:1873)
	at org.springframework.beans.factory.support.AbstractAutowireCapableBeanFactory.initializeBean(AbstractAutowireCapableBeanFactory.java:1822)
	... 20 common frames omitted
Caused by: org.hibernate.exception.GenericJDBCException: Unable to open JDBC Connection for DDL execution [Access denied for user 'root'@'localhost' (using password: YES)] [n/a]
	at org.hibernate.exception.internal.StandardSQLExceptionConverter.convert(StandardSQLExceptionConverter.java:63)
	at org.hibernate.engine.jdbc.spi.SqlExceptionHelper.convert(SqlExceptionHelper.java:108)
	at org.hibernate.engine.jdbc.spi.SqlExceptionHelper.convert(SqlExceptionHelper.java:94)
	at org.hibernate.resource.transaction.backend.jdbc.internal.DdlTransactionIsolatorNonJtaImpl.getIsolatedConnection(DdlTransactionIsolatorNonJtaImpl.java:74)
	at org.hibernate.resource.transaction.backend.jdbc.internal.DdlTransactionIsolatorNonJtaImpl.getIsolatedConnection(DdlTransactionIsolatorNonJtaImpl.java:39)
	at org.hibernate.tool.schema.internal.exec.ImprovedExtractionContextImpl.getJdbcConnection(ImprovedExtractionContextImpl.java:63)
	at org.hibernate.tool.schema.internal.exec.ImprovedExtractionContextImpl.getJdbcDatabaseMetaData(ImprovedExtractionContextImpl.java:70)
	at org.hibernate.tool.schema.extract.internal.InformationExtractorJdbcDatabaseMetaDataImpl.processTableResultSet(InformationExtractorJdbcDatabaseMetaDataImpl.java:65)
	at org.hibernate.tool.schema.extract.internal.AbstractInformationExtractorImpl.getTables(AbstractInformationExtractorImpl.java:570)
	at org.hibernate.tool.schema.extract.internal.DatabaseInformationImpl.getTablesInformation(DatabaseInformationImpl.java:122)
	at org.hibernate.tool.schema.internal.GroupedSchemaMigratorImpl.performTablesMigration(GroupedSchemaMigratorImpl.java:72)
	at org.hibernate.tool.schema.internal.AbstractSchemaMigrator.performMigration(AbstractSchemaMigrator.java:233)
	at org.hibernate.tool.schema.internal.AbstractSchemaMigrator.doMigration(AbstractSchemaMigrator.java:112)
	at org.hibernate.tool.schema.spi.SchemaManagementToolCoordinator.performDatabaseAction(SchemaManagementToolCoordinator.java:280)
	at org.hibernate.tool.schema.spi.SchemaManagementToolCoordinator.lambda$process$5(SchemaManagementToolCoordinator.java:144)
	at java.base/java.util.HashMap.forEach(HashMap.java:1421)
	at org.hibernate.tool.schema.spi.SchemaManagementToolCoordinator.process(SchemaManagementToolCoordinator.java:141)
	at org.hibernate.boot.internal.SessionFactoryObserverForSchemaExport.sessionFactoryCreated(SessionFactoryObserverForSchemaExport.java:37)
	at org.hibernate.internal.SessionFactoryObserverChain.sessionFactoryCreated(SessionFactoryObserverChain.java:35)
	at org.hibernate.internal.SessionFactoryImpl.<init>(SessionFactoryImpl.java:324)
	at org.hibernate.boot.internal.SessionFactoryBuilderImpl.build(SessionFactoryBuilderImpl.java:463)
	at org.hibernate.jpa.boot.internal.EntityManagerFactoryBuilderImpl.build(EntityManagerFactoryBuilderImpl.java:1517)
	at org.springframework.orm.jpa.vendor.SpringHibernateJpaPersistenceProvider.createContainerEntityManagerFactory(SpringHibernateJpaPersistenceProvider.java:66)
	at org.springframework.orm.jpa.LocalContainerEntityManagerFactoryBean.createNativeEntityManagerFactory(LocalContainerEntityManagerFactoryBean.java:390)
	at org.springframework.orm.jpa.AbstractEntityManagerFactoryBean.buildNativeEntityManagerFactory(AbstractEntityManagerFactoryBean.java:419)
	... 24 common frames omitted
Caused by: java.sql.SQLException: Access denied for user 'root'@'localhost' (using password: YES)
	at com.mysql.cj.jdbc.exceptions.SQLError.createSQLException(SQLError.java:121)
	at com.mysql.cj.jdbc.exceptions.SQLExceptionsMapping.translateException(SQLExceptionsMapping.java:114)
	at com.mysql.cj.jdbc.ConnectionImpl.createNewIO(ConnectionImpl.java:839)
	at com.mysql.cj.jdbc.ConnectionImpl.<init>(ConnectionImpl.java:415)
	at com.mysql.cj.jdbc.ConnectionImpl.getInstance(ConnectionImpl.java:237)
	at com.mysql.cj.jdbc.NonRegisteringDriver.connect(NonRegisteringDriver.java:180)
	at com.zaxxer.hikari.util.DriverDataSource.getConnection(DriverDataSource.java:144)
	at com.zaxxer.hikari.pool.PoolBase.newConnection(PoolBase.java:370)
	at com.zaxxer.hikari.pool.PoolBase.newPoolEntry(PoolBase.java:207)
	at com.zaxxer.hikari.pool.HikariPool.createPoolEntry(HikariPool.java:488)
	at com.zaxxer.hikari.pool.HikariPool.checkFailFast(HikariPool.java:576)
	at com.zaxxer.hikari.pool.HikariPool.<init>(HikariPool.java:97)
	at com.zaxxer.hikari.HikariDataSource.getConnection(HikariDataSource.java:111)
	at org.hibernate.engine.jdbc.connections.internal.DatasourceConnectionProviderImpl.getConnection(DatasourceConnectionProviderImpl.java:126)
	at org.hibernate.engine.jdbc.env.internal.JdbcEnvironmentInitiator$ConnectionProviderJdbcConnectionAccess.obtainConnection(JdbcEnvironmentInitiator.java:485)
	at org.hibernate.resource.transaction.backend.jdbc.internal.DdlTransactionIsolatorNonJtaImpl.getIsolatedConnection(DdlTransactionIsolatorNonJtaImpl.java:46)
	... 45 common frames omitted
2025-11-11 11:42:52.125 [restartedMain] INFO  c.s.r.RestApiApplication - Starting RestApiApplication using Java 17.0.4 with PID 5848 (C:\Springdevtools\EMPSYNC\empsync-backend\target\classes started by 91992 in C:\Springdevtools\EMPSYNC\empsync-backend)
2025-11-11 11:42:52.127 [restartedMain] DEBUG c.s.r.RestApiApplication - Running with Spring Boot v3.5.6, Spring v6.2.11
2025-11-11 11:42:52.128 [restartedMain] INFO  c.s.r.RestApiApplication - No active profile set, falling back to 1 default profile: "default"
2025-11-11 11:42:53.822 [restartedMain] WARN  i.u.websockets.jsr - UT026010: Buffer pool was not set on WebSocketDeploymentInfo, the default pool will be used
2025-11-11 11:42:53.846 [restartedMain] INFO  io.undertow.servlet - Initializing Spring embedded WebApplicationContext
2025-11-11 11:42:54.451 [restartedMain] INFO  c.z.h.HikariDataSource - HikariPool-1 - Starting...
2025-11-11 11:42:54.766 [restartedMain] INFO  c.z.h.p.HikariPool - HikariPool-1 - Added connection com.mysql.cj.jdbc.ConnectionImpl@6516d736
2025-11-11 11:42:54.768 [restartedMain] INFO  c.z.h.HikariDataSource - HikariPool-1 - Start completed.
2025-11-11 11:42:54.829 [restartedMain] WARN  o.h.orm.deprecation - HHH90000025: MySQLDialect does not need to be specified explicitly using 'hibernate.dialect' (remove the property setting and it will be selected by default)
2025-11-11 11:42:57.112 [restartedMain] WARN  o.s.b.a.o.j.JpaBaseConfiguration$JpaWebConfiguration - spring.jpa.open-in-view is enabled by default. Therefore, database queries may be performed during view rendering. Explicitly configure spring.jpa.open-in-view to disable this warning
2025-11-11 11:42:57.774 [restartedMain] INFO  io.undertow - starting server: Undertow - 2.3.19.Final
2025-11-11 11:42:57.788 [restartedMain] INFO  org.xnio - XNIO version 3.8.16.Final
2025-11-11 11:42:57.797 [restartedMain] INFO  org.xnio.nio - XNIO NIO Implementation Version 3.8.16.Final
2025-11-11 11:42:57.839 [restartedMain] INFO  org.jboss.threads - JBoss Threads version 3.7.0.Final
2025-11-11 11:42:57.926 [restartedMain] INFO  c.s.r.RestApiApplication - Started RestApiApplication in 6.294 seconds (process running for 7.072)
2025-11-11 11:42:57.931 [restartedMain] TRACE c.s.r.RestApiApplication - 🔍 [TRACE] Application started in TRACE mode (if enabled).
2025-11-11 11:42:57.931 [restartedMain] DEBUG c.s.r.RestApiApplication - 🐛 [DEBUG] Debugging startup sequence...
2025-11-11 11:42:57.931 [restartedMain] INFO  c.s.r.RestApiApplication - 🎉 [INFO] EMPSYNC started successfully!
2025-11-11 11:42:57.931 [restartedMain] INFO  c.s.r.RestApiApplication - 🌍 Active Profiles: default
2025-11-11 11:42:57.931 [restartedMain] INFO  c.s.r.RestApiApplication - 🚀 Running on: http://localhost:8888
2025-11-11 11:42:57.932 [restartedMain] INFO  c.s.r.RestApiApplication - 📊 Swagger UI: http://localhost:8888/swagger-ui.html
2025-11-11 11:42:57.932 [restartedMain] INFO  c.s.r.RestApiApplication - 📚 API Docs: http://localhost:8888/v3/api-docs
2025-11-11 11:42:57.932 [restartedMain] INFO  c.s.r.RestApiApplication - ✅ Health Check: http://localhost:8888/actuator/health
2025-11-11 11:42:57.932 [restartedMain] INFO  c.s.r.RestApiApplication - 📈 Metrics: http://localhost:8888/actuator/metrics
2025-11-11 11:42:57.932 [restartedMain] INFO  c.s.r.RestApiApplication - 🌟 Ready to handle requests!
2025-11-11 11:52:38.144 [Thread-5] INFO  io.undertow - stopping server: Undertow - 2.3.19.Final
2025-11-11 11:52:38.160 [Thread-5] INFO  c.z.h.HikariDataSource - HikariPool-1 - Shutdown initiated...
2025-11-11 11:52:38.168 [Thread-5] INFO  c.z.h.HikariDataSource - HikariPool-1 - Shutdown completed.
2025-11-11 11:52:38.245 [restartedMain] INFO  c.s.r.RestApiApplication - Starting RestApiApplication using Java 17.0.4 with PID 5848 (C:\Springdevtools\EMPSYNC\empsync-backend\target\classes started by 91992 in C:\Springdevtools\EMPSYNC\empsync-backend)
2025-11-11 11:52:38.246 [restartedMain] DEBUG c.s.r.RestApiApplication - Running with Spring Boot v3.5.6, Spring v6.2.11
2025-11-11 11:52:38.246 [restartedMain] INFO  c.s.r.RestApiApplication - No active profile set, falling back to 1 default profile: "default"
2025-11-11 11:52:38.731 [restartedMain] WARN  i.u.websockets.jsr - UT026010: Buffer pool was not set on WebSocketDeploymentInfo, the default pool will be used
2025-11-11 11:52:38.733 [restartedMain] INFO  io.undertow.servlet - Initializing Spring embedded WebApplicationContext
2025-11-11 11:52:38.794 [restartedMain] INFO  c.z.h.HikariDataSource - HikariPool-2 - Starting...
2025-11-11 11:52:38.813 [restartedMain] INFO  c.z.h.p.HikariPool - HikariPool-2 - Added connection com.mysql.cj.jdbc.ConnectionImpl@373e2e96
2025-11-11 11:52:38.813 [restartedMain] INFO  c.z.h.HikariDataSource - HikariPool-2 - Start completed.
2025-11-11 11:52:38.816 [restartedMain] WARN  o.h.orm.deprecation - HHH90000025: MySQLDialect does not need to be specified explicitly using 'hibernate.dialect' (remove the property setting and it will be selected by default)
2025-11-11 11:52:39.039 [restartedMain] WARN  o.s.b.a.o.j.JpaBaseConfiguration$JpaWebConfiguration - spring.jpa.open-in-view is enabled by default. Therefore, database queries may be performed during view rendering. Explicitly configure spring.jpa.open-in-view to disable this warning
2025-11-11 11:52:39.223 [restartedMain] INFO  io.undertow - starting server: Undertow - 2.3.19.Final
2025-11-11 11:52:39.259 [restartedMain] INFO  c.s.r.RestApiApplication - Started RestApiApplication in 1.046 seconds (process running for 588.405)
2025-11-11 11:52:39.263 [restartedMain] TRACE c.s.r.RestApiApplication - 🔍 [TRACE] Application started in TRACE mode (if enabled).
2025-11-11 11:52:39.263 [restartedMain] DEBUG c.s.r.RestApiApplication - 🐛 [DEBUG] Debugging startup sequence...
2025-11-11 11:52:39.263 [restartedMain] INFO  c.s.r.RestApiApplication - 🎉 [INFO] EMPSYNC started successfully!
2025-11-11 11:52:39.263 [restartedMain] INFO  c.s.r.RestApiApplication - 🌍 Active Profiles: default
2025-11-11 11:52:39.263 [restartedMain] INFO  c.s.r.RestApiApplication - 🚀 Running on: http://localhost:8888
2025-11-11 11:52:39.264 [restartedMain] INFO  c.s.r.RestApiApplication - 📊 Swagger UI: http://localhost:8888/swagger-ui.html
2025-11-11 11:52:39.264 [restartedMain] INFO  c.s.r.RestApiApplication - 📚 API Docs: http://localhost:8888/v3/api-docs
2025-11-11 11:52:39.264 [restartedMain] INFO  c.s.r.RestApiApplication - ✅ Health Check: http://localhost:8888/actuator/health
2025-11-11 11:52:39.264 [restartedMain] INFO  c.s.r.RestApiApplication - 📈 Metrics: http://localhost:8888/actuator/metrics
2025-11-11 11:52:39.264 [restartedMain] INFO  c.s.r.RestApiApplication - 🌟 Ready to handle requests!
2025-11-11 11:54:25.688 [Thread-8] INFO  io.undertow - stopping server: Undertow - 2.3.19.Final
2025-11-11 11:54:25.693 [Thread-8] INFO  c.z.h.HikariDataSource - HikariPool-2 - Shutdown initiated...
2025-11-11 11:54:25.698 [Thread-8] INFO  c.z.h.HikariDataSource - HikariPool-2 - Shutdown completed.
2025-11-11 11:54:25.781 [restartedMain] INFO  c.s.r.RestApiApplication - Starting RestApiApplication using Java 17.0.4 with PID 5848 (C:\Springdevtools\EMPSYNC\empsync-backend\target\classes started by 91992 in C:\Springdevtools\EMPSYNC\empsync-backend)
2025-11-11 11:54:25.781 [restartedMain] DEBUG c.s.r.RestApiApplication - Running with Spring Boot v3.5.6, Spring v6.2.11
2025-11-11 11:54:25.781 [restartedMain] INFO  c.s.r.RestApiApplication - No active profile set, falling back to 1 default profile: "default"
2025-11-11 11:54:26.183 [restartedMain] WARN  i.u.websockets.jsr - UT026010: Buffer pool was not set on WebSocketDeploymentInfo, the default pool will be used
2025-11-11 11:54:26.184 [restartedMain] INFO  io.undertow.servlet - Initializing Spring embedded WebApplicationContext
2025-11-11 11:54:26.230 [restartedMain] INFO  c.z.h.HikariDataSource - HikariPool-3 - Starting...
2025-11-11 11:54:26.245 [restartedMain] INFO  c.z.h.p.HikariPool - HikariPool-3 - Added connection com.mysql.cj.jdbc.ConnectionImpl@5dd32941
2025-11-11 11:54:26.245 [restartedMain] INFO  c.z.h.HikariDataSource - HikariPool-3 - Start completed.
2025-11-11 11:54:26.247 [restartedMain] WARN  o.h.orm.deprecation - HHH90000025: MySQLDialect does not need to be specified explicitly using 'hibernate.dialect' (remove the property setting and it will be selected by default)
2025-11-11 11:54:26.426 [restartedMain] WARN  o.s.b.a.o.j.JpaBaseConfiguration$JpaWebConfiguration - spring.jpa.open-in-view is enabled by default. Therefore, database queries may be performed during view rendering. Explicitly configure spring.jpa.open-in-view to disable this warning
2025-11-11 11:54:26.580 [restartedMain] INFO  io.undertow - starting server: Undertow - 2.3.19.Final
2025-11-11 11:54:26.612 [restartedMain] INFO  c.s.r.RestApiApplication - Started RestApiApplication in 0.862 seconds (process running for 695.758)
2025-11-11 11:54:26.614 [restartedMain] TRACE c.s.r.RestApiApplication - 🔍 [TRACE] Application started in TRACE mode (if enabled).
2025-11-11 11:54:26.615 [restartedMain] DEBUG c.s.r.RestApiApplication - 🐛 [DEBUG] Debugging startup sequence...
2025-11-11 11:54:26.615 [restartedMain] INFO  c.s.r.RestApiApplication - 🎉 [INFO] EMPSYNC started successfully!
2025-11-11 11:54:26.615 [restartedMain] INFO  c.s.r.RestApiApplication - 🌍 Active Profiles: default
2025-11-11 11:54:26.615 [restartedMain] INFO  c.s.r.RestApiApplication - 🚀 Running on: http://localhost:8888
2025-11-11 11:54:26.615 [restartedMain] INFO  c.s.r.RestApiApplication - 📊 Swagger UI: http://localhost:8888/swagger-ui.html
2025-11-11 11:54:26.615 [restartedMain] INFO  c.s.r.RestApiApplication - 📚 API Docs: http://localhost:8888/v3/api-docs
2025-11-11 11:54:26.615 [restartedMain] INFO  c.s.r.RestApiApplication - ✅ Health Check: http://localhost:8888/actuator/health
2025-11-11 11:54:26.615 [restartedMain] INFO  c.s.r.RestApiApplication - 📈 Metrics: http://localhost:8888/actuator/metrics
2025-11-11 11:54:26.615 [restartedMain] INFO  c.s.r.RestApiApplication - 🌟 Ready to handle requests!
2025-11-11 12:01:21.517 [Thread-13] INFO  io.undertow - stopping server: Undertow - 2.3.19.Final
2025-11-11 12:01:21.519 [Thread-13] INFO  c.z.h.HikariDataSource - HikariPool-3 - Shutdown initiated...
2025-11-11 12:01:21.528 [Thread-13] INFO  c.z.h.HikariDataSource - HikariPool-3 - Shutdown completed.
2025-11-11 12:01:21.612 [restartedMain] INFO  c.s.r.RestApiApplication - Starting RestApiApplication using Java 17.0.4 with PID 5848 (C:\Springdevtools\EMPSYNC\empsync-backend\target\classes started by 91992 in C:\Springdevtools\EMPSYNC\empsync-backend)
2025-11-11 12:01:21.612 [restartedMain] DEBUG c.s.r.RestApiApplication - Running with Spring Boot v3.5.6, Spring v6.2.11
2025-11-11 12:01:21.612 [restartedMain] INFO  c.s.r.RestApiApplication - No active profile set, falling back to 1 default profile: "default"
2025-11-11 12:01:22.575 [restartedMain] WARN  i.u.websockets.jsr - UT026010: Buffer pool was not set on WebSocketDeploymentInfo, the default pool will be used
2025-11-11 12:01:22.579 [restartedMain] INFO  io.undertow.servlet - Initializing Spring embedded WebApplicationContext
2025-11-11 12:01:22.663 [restartedMain] INFO  c.z.h.HikariDataSource - HikariPool-4 - Starting...
2025-11-11 12:01:22.683 [restartedMain] INFO  c.z.h.p.HikariPool - HikariPool-4 - Added connection com.mysql.cj.jdbc.ConnectionImpl@56c1fe84
2025-11-11 12:01:22.684 [restartedMain] INFO  c.z.h.HikariDataSource - HikariPool-4 - Start completed.
2025-11-11 12:01:22.686 [restartedMain] WARN  o.h.orm.deprecation - HHH90000025: MySQLDialect does not need to be specified explicitly using 'hibernate.dialect' (remove the property setting and it will be selected by default)
2025-11-11 12:01:22.974 [restartedMain] WARN  o.s.b.a.o.j.JpaBaseConfiguration$JpaWebConfiguration - spring.jpa.open-in-view is enabled by default. Therefore, database queries may be performed during view rendering. Explicitly configure spring.jpa.open-in-view to disable this warning
2025-11-11 12:01:23.253 [restartedMain] INFO  io.undertow - starting server: Undertow - 2.3.19.Final
2025-11-11 12:01:23.294 [restartedMain] INFO  c.s.r.RestApiApplication - Started RestApiApplication in 1.718 seconds (process running for 1112.44)
2025-11-11 12:01:23.297 [restartedMain] TRACE c.s.r.RestApiApplication - 🔍 [TRACE] Application started in TRACE mode (if enabled).
2025-11-11 12:01:23.297 [restartedMain] DEBUG c.s.r.RestApiApplication - 🐛 [DEBUG] Debugging startup sequence...
2025-11-11 12:01:23.297 [restartedMain] INFO  c.s.r.RestApiApplication - 🎉 [INFO] EMPSYNC started successfully!
2025-11-11 12:01:23.297 [restartedMain] INFO  c.s.r.RestApiApplication - 🌍 Active Profiles: default
2025-11-11 12:01:23.297 [restartedMain] INFO  c.s.r.RestApiApplication - 🚀 Running on: http://localhost:8888
2025-11-11 12:01:23.297 [restartedMain] INFO  c.s.r.RestApiApplication - 📊 Swagger UI: http://localhost:8888/swagger-ui.html
2025-11-11 12:01:23.297 [restartedMain] INFO  c.s.r.RestApiApplication - 📚 API Docs: http://localhost:8888/v3/api-docs
2025-11-11 12:01:23.297 [restartedMain] INFO  c.s.r.RestApiApplication - ✅ Health Check: http://localhost:8888/actuator/health
2025-11-11 12:01:23.297 [restartedMain] INFO  c.s.r.RestApiApplication - 📈 Metrics: http://localhost:8888/actuator/metrics
2025-11-11 12:01:23.297 [restartedMain] INFO  c.s.r.RestApiApplication - 🌟 Ready to handle requests!
2025-11-11 12:01:24.677 [Thread-18] INFO  io.undertow - stopping server: Undertow - 2.3.19.Final
2025-11-11 12:01:24.684 [Thread-18] INFO  c.z.h.HikariDataSource - HikariPool-4 - Shutdown initiated...
2025-11-11 12:01:24.684 [Thread-18] INFO  c.z.h.HikariDataSource - HikariPool-4 - Shutdown completed.
2025-11-11 12:01:24.756 [restartedMain] INFO  c.s.r.RestApiApplication - Starting RestApiApplication using Java 17.0.4 with PID 5848 (C:\Springdevtools\EMPSYNC\empsync-backend\target\classes started by 91992 in C:\Springdevtools\EMPSYNC\empsync-backend)
2025-11-11 12:01:24.756 [restartedMain] DEBUG c.s.r.RestApiApplication - Running with Spring Boot v3.5.6, Spring v6.2.11
2025-11-11 12:01:24.756 [restartedMain] INFO  c.s.r.RestApiApplication - No active profile set, falling back to 1 default profile: "default"
2025-11-11 12:01:25.140 [restartedMain] WARN  i.u.websockets.jsr - UT026010: Buffer pool was not set on WebSocketDeploymentInfo, the default pool will be used
2025-11-11 12:01:25.140 [restartedMain] INFO  io.undertow.servlet - Initializing Spring embedded WebApplicationContext
2025-11-11 12:01:25.185 [restartedMain] INFO  c.z.h.HikariDataSource - HikariPool-5 - Starting...
2025-11-11 12:01:25.202 [restartedMain] INFO  c.z.h.p.HikariPool - HikariPool-5 - Added connection com.mysql.cj.jdbc.ConnectionImpl@22db57b9
2025-11-11 12:01:25.202 [restartedMain] INFO  c.z.h.HikariDataSource - HikariPool-5 - Start completed.
2025-11-11 12:01:25.203 [restartedMain] WARN  o.h.orm.deprecation - HHH90000025: MySQLDialect does not need to be specified explicitly using 'hibernate.dialect' (remove the property setting and it will be selected by default)
2025-11-11 12:01:25.359 [restartedMain] WARN  o.s.b.a.o.j.JpaBaseConfiguration$JpaWebConfiguration - spring.jpa.open-in-view is enabled by default. Therefore, database queries may be performed during view rendering. Explicitly configure spring.jpa.open-in-view to disable this warning
2025-11-11 12:01:25.513 [restartedMain] INFO  io.undertow - starting server: Undertow - 2.3.19.Final
2025-11-11 12:01:25.542 [restartedMain] INFO  c.s.r.RestApiApplication - Started RestApiApplication in 0.808 seconds (process running for 1114.691)
2025-11-11 12:01:25.547 [restartedMain] TRACE c.s.r.RestApiApplication - 🔍 [TRACE] Application started in TRACE mode (if enabled).
2025-11-11 12:01:25.547 [restartedMain] DEBUG c.s.r.RestApiApplication - 🐛 [DEBUG] Debugging startup sequence...
2025-11-11 12:01:25.547 [restartedMain] INFO  c.s.r.RestApiApplication - 🎉 [INFO] EMPSYNC started successfully!
2025-11-11 12:01:25.547 [restartedMain] INFO  c.s.r.RestApiApplication - 🌍 Active Profiles: default
2025-11-11 12:01:25.547 [restartedMain] INFO  c.s.r.RestApiApplication - 🚀 Running on: http://localhost:8888
2025-11-11 12:01:25.547 [restartedMain] INFO  c.s.r.RestApiApplication - 📊 Swagger UI: http://localhost:8888/swagger-ui.html
2025-11-11 12:01:25.547 [restartedMain] INFO  c.s.r.RestApiApplication - 📚 API Docs: http://localhost:8888/v3/api-docs
2025-11-11 12:01:25.547 [restartedMain] INFO  c.s.r.RestApiApplication - ✅ Health Check: http://localhost:8888/actuator/health
2025-11-11 12:01:25.547 [restartedMain] INFO  c.s.r.RestApiApplication - 📈 Metrics: http://localhost:8888/actuator/metrics
2025-11-11 12:01:25.548 [restartedMain] INFO  c.s.r.RestApiApplication - 🌟 Ready to handle requests!
2025-11-11 08:07:30.509 [main] INFO  c.s.r.RestApiApplication - Starting RestApiApplication v0.0.1-SNAPSHOT using Java 17.0.17 with PID 1 (/app/app.jar started by root in /app)
2025-11-11 08:07:30.516 [main] DEBUG c.s.r.RestApiApplication - Running with Spring Boot v3.5.6, Spring v6.2.11
2025-11-11 08:07:30.518 [main] INFO  c.s.r.RestApiApplication - The following 1 profile is active: "docker"
2025-11-11 08:07:35.575 [main] WARN  i.u.websockets.jsr - UT026010: Buffer pool was not set on WebSocketDeploymentInfo, the default pool will be used
2025-11-11 08:07:35.628 [main] INFO  io.undertow.servlet - Initializing Spring embedded WebApplicationContext
2025-11-11 08:07:37.710 [main] INFO  c.z.h.HikariDataSource - HikariPool-1 - Starting...
2025-11-11 08:07:38.235 [main] INFO  c.z.h.p.HikariPool - HikariPool-1 - Added connection com.mysql.cj.jdbc.ConnectionImpl@433b1597
2025-11-11 08:07:38.242 [main] INFO  c.z.h.HikariDataSource - HikariPool-1 - Start completed.
2025-11-11 08:07:38.378 [main] WARN  o.h.orm.deprecation - HHH90000025: MySQLDialect does not need to be specified explicitly using 'hibernate.dialect' (remove the property setting and it will be selected by default)
2025-11-11 08:07:40.214 [main] DEBUG org.hibernate.SQL - 
    create table employees (
        id bigint not null auto_increment,
        address varchar(500),
        bonus decimal(10,2),
        created_at datetime(6),
        department varchar(50) not null,
        email varchar(100) not null,
        gender varchar(10),
        join_date date not null,
        name varchar(100) not null,
        pf decimal(10,2),
        phone varchar(15),
        position varchar(50) not null,
        salary decimal(10,2) not null,
        status varchar(10),
        tax decimal(10,2),
        updated_at datetime(6),
        primary key (id)
    ) engine=InnoDB
2025-11-11 08:07:40.264 [main] DEBUG org.hibernate.SQL - 
    alter table employees 
       drop index UKj9xgmd0ya5jmus09o0b8pqrpb
2025-11-11 08:07:40.323 [main] DEBUG org.hibernate.SQL - 
    alter table employees 
       add constraint UKj9xgmd0ya5jmus09o0b8pqrpb unique (email)
2025-11-11 08:07:42.567 [main] WARN  o.s.b.a.o.j.JpaBaseConfiguration$JpaWebConfiguration - spring.jpa.open-in-view is enabled by default. Therefore, database queries may be performed during view rendering. Explicitly configure spring.jpa.open-in-view to disable this warning
2025-11-11 08:07:44.619 [main] INFO  io.undertow - starting server: Undertow - 2.3.19.Final
2025-11-11 08:07:44.647 [main] INFO  org.xnio - XNIO version 3.8.16.Final
2025-11-11 08:07:44.679 [main] INFO  org.xnio.nio - XNIO NIO Implementation Version 3.8.16.Final
2025-11-11 08:07:44.886 [main] INFO  org.jboss.threads - JBoss Threads version 3.7.0.Final
2025-11-11 08:07:45.054 [main] INFO  c.s.r.RestApiApplication - Started RestApiApplication in 16.566 seconds (process running for 19.762)
2025-11-11 08:07:45.065 [main] TRACE c.s.r.RestApiApplication - 🔍 [TRACE] Application started in TRACE mode (if enabled).
2025-11-11 08:07:45.066 [main] DEBUG c.s.r.RestApiApplication - 🐛 [DEBUG] Debugging startup sequence...
2025-11-11 08:07:45.068 [main] INFO  c.s.r.RestApiApplication - 🎉 [INFO] EMPSYNC started successfully!
2025-11-11 08:07:45.070 [main] INFO  c.s.r.RestApiApplication - 🌍 Active Profiles: docker
2025-11-11 08:07:45.071 [main] INFO  c.s.r.RestApiApplication - 🚀 Running on: http://localhost:8888
2025-11-11 08:07:45.072 [main] INFO  c.s.r.RestApiApplication - 📊 Swagger UI: http://localhost:8888/swagger-ui.html
2025-11-11 08:07:45.074 [main] INFO  c.s.r.RestApiApplication - 📚 API Docs: http://localhost:8888/v3/api-docs
2025-11-11 08:07:45.075 [main] INFO  c.s.r.RestApiApplication - ✅ Health Check: http://localhost:8888/actuator/health
2025-11-11 08:07:45.076 [main] INFO  c.s.r.RestApiApplication - 📈 Metrics: http://localhost:8888/actuator/metrics
2025-11-11 08:07:45.077 [main] INFO  c.s.r.RestApiApplication - 🌟 Ready to handle requests!
2025-11-11 13:46:46.459 [RMI TCP Connection(134)-127.0.0.1] INFO  io.undertow - stopping server: Undertow - 2.3.19.Final
2025-11-11 13:46:46.468 [Thread-22] INFO  c.s.r.RestApiApplication - 🛑 EMPSYNC is shutting down gracefully...
2025-11-11 13:46:46.468 [Thread-27] INFO  c.s.r.RestApiApplication - 🛑 EMPSYNC is shutting down gracefully...
2025-11-11 13:46:46.468 [Thread-7] INFO  c.s.r.RestApiApplication - 🛑 EMPSYNC is shutting down gracefully...
2025-11-11 13:46:46.468 [Thread-12] INFO  c.s.r.RestApiApplication - 🛑 EMPSYNC is shutting down gracefully...
2025-11-11 13:46:46.468 [Thread-17] INFO  c.s.r.RestApiApplication - 🛑 EMPSYNC is shutting down gracefully...
2025-11-11 13:46:46.478 [RMI TCP Connection(134)-127.0.0.1] INFO  c.z.h.HikariDataSource - HikariPool-5 - Shutdown initiated...
2025-11-11 13:46:46.482 [RMI TCP Connection(134)-127.0.0.1] INFO  c.z.h.HikariDataSource - HikariPool-5 - Shutdown completed.
2025-11-11 13:46:56.821 [restartedMain] INFO  c.s.r.RestApiApplication - Starting RestApiApplication using Java 17.0.4 with PID 19508 (C:\Springdevtools\EMPSYNC\empsync-backend\target\classes started by 91992 in C:\Springdevtools\EMPSYNC\empsync-backend)
2025-11-11 13:46:56.823 [restartedMain] DEBUG c.s.r.RestApiApplication - Running with Spring Boot v3.5.6, Spring v6.2.11
2025-11-11 13:46:56.824 [restartedMain] INFO  c.s.r.RestApiApplication - No active profile set, falling back to 1 default profile: "default"
2025-11-11 13:46:59.497 [restartedMain] WARN  i.u.websockets.jsr - UT026010: Buffer pool was not set on WebSocketDeploymentInfo, the default pool will be used
2025-11-11 13:46:59.530 [restartedMain] INFO  io.undertow.servlet - Initializing Spring embedded WebApplicationContext
2025-11-11 13:47:00.699 [restartedMain] INFO  c.z.h.HikariDataSource - HikariPool-1 - Starting...
2025-11-11 13:47:01.155 [restartedMain] INFO  c.z.h.p.HikariPool - HikariPool-1 - Added connection com.mysql.cj.jdbc.ConnectionImpl@36f91139
2025-11-11 13:47:01.158 [restartedMain] INFO  c.z.h.HikariDataSource - HikariPool-1 - Start completed.
2025-11-11 13:47:01.232 [restartedMain] WARN  o.h.orm.deprecation - HHH90000025: MySQLDialect does not need to be specified explicitly using 'hibernate.dialect' (remove the property setting and it will be selected by default)
2025-11-11 13:47:04.157 [restartedMain] WARN  o.s.b.a.o.j.JpaBaseConfiguration$JpaWebConfiguration - spring.jpa.open-in-view is enabled by default. Therefore, database queries may be performed during view rendering. Explicitly configure spring.jpa.open-in-view to disable this warning
2025-11-11 13:47:05.183 [restartedMain] INFO  io.undertow - starting server: Undertow - 2.3.19.Final
2025-11-11 13:47:05.197 [restartedMain] INFO  org.xnio - XNIO version 3.8.16.Final
2025-11-11 13:47:05.211 [restartedMain] INFO  org.xnio.nio - XNIO NIO Implementation Version 3.8.16.Final
2025-11-11 13:47:05.270 [restartedMain] INFO  org.jboss.threads - JBoss Threads version 3.7.0.Final
2025-11-11 13:47:05.392 [restartedMain] INFO  c.s.r.RestApiApplication - Started RestApiApplication in 9.175 seconds (process running for 10.237)
2025-11-11 13:47:05.399 [restartedMain] TRACE c.s.r.RestApiApplication - 🔍 [TRACE] Application started in TRACE mode (if enabled).
2025-11-11 13:47:05.399 [restartedMain] DEBUG c.s.r.RestApiApplication - 🐛 [DEBUG] Debugging startup sequence...
2025-11-11 13:47:05.399 [restartedMain] INFO  c.s.r.RestApiApplication - 🎉 [INFO] EMPSYNC started successfully!
2025-11-11 13:47:05.399 [restartedMain] INFO  c.s.r.RestApiApplication - 🌍 Active Profiles: default
2025-11-11 13:47:05.399 [restartedMain] INFO  c.s.r.RestApiApplication - 🚀 Running on: http://localhost:8888
2025-11-11 13:47:05.400 [restartedMain] INFO  c.s.r.RestApiApplication - 📊 Swagger UI: http://localhost:8888/swagger-ui.html
2025-11-11 13:47:05.400 [restartedMain] INFO  c.s.r.RestApiApplication - 📚 API Docs: http://localhost:8888/v3/api-docs
2025-11-11 13:47:05.400 [restartedMain] INFO  c.s.r.RestApiApplication - ✅ Health Check: http://localhost:8888/actuator/health
2025-11-11 13:47:05.400 [restartedMain] INFO  c.s.r.RestApiApplication - 📈 Metrics: http://localhost:8888/actuator/metrics
2025-11-11 13:47:05.400 [restartedMain] INFO  c.s.r.RestApiApplication - 🌟 Ready to handle requests!
2025-11-11 13:47:06.352 [RMI TCP Connection(10)-127.0.0.1] INFO  io.undertow.servlet - Initializing Spring DispatcherServlet 'dispatcherServlet'
2025-11-11 13:47:39.462 [Thread-5] INFO  io.undertow - stopping server: Undertow - 2.3.19.Final
2025-11-11 13:47:39.471 [Thread-5] INFO  io.undertow.servlet - Destroying Spring FrameworkServlet 'dispatcherServlet'
2025-11-11 13:47:39.485 [Thread-5] INFO  c.z.h.HikariDataSource - HikariPool-1 - Shutdown initiated...
2025-11-11 13:47:39.502 [Thread-5] INFO  c.z.h.HikariDataSource - HikariPool-1 - Shutdown completed.
2025-11-11 13:47:39.617 [restartedMain] INFO  c.s.r.RestApiApplication - Starting RestApiApplication using Java 17.0.4 with PID 19508 (C:\Springdevtools\EMPSYNC\empsync-backend\target\classes started by 91992 in C:\Springdevtools\EMPSYNC\empsync-backend)
2025-11-11 13:47:39.618 [restartedMain] DEBUG c.s.r.RestApiApplication - Running with Spring Boot v3.5.6, Spring v6.2.11
2025-11-11 13:47:39.618 [restartedMain] INFO  c.s.r.RestApiApplication - No active profile set, falling back to 1 default profile: "default"
2025-11-11 13:47:40.438 [restartedMain] WARN  i.u.websockets.jsr - UT026010: Buffer pool was not set on WebSocketDeploymentInfo, the default pool will be used
2025-11-11 13:47:40.440 [restartedMain] INFO  io.undertow.servlet - Initializing Spring embedded WebApplicationContext
2025-11-11 13:47:40.532 [restartedMain] INFO  c.z.h.HikariDataSource - HikariPool-2 - Starting...
2025-11-11 13:47:44.113 [restartedMain] INFO  c.s.r.RestApiApplication - Starting RestApiApplication using Java 17.0.4 with PID 9948 (C:\Springdevtools\EMPSYNC\empsync-backend\target\classes started by 91992 in C:\Springdevtools\EMPSYNC\empsync-backend)
2025-11-11 13:47:44.117 [restartedMain] DEBUG c.s.r.RestApiApplication - Running with Spring Boot v3.5.6, Spring v6.2.11
2025-11-11 13:47:44.117 [restartedMain] INFO  c.s.r.RestApiApplication - No active profile set, falling back to 1 default profile: "default"
2025-11-11 13:47:46.817 [restartedMain] WARN  i.u.websockets.jsr - UT026010: Buffer pool was not set on WebSocketDeploymentInfo, the default pool will be used
2025-11-11 13:47:46.849 [restartedMain] INFO  io.undertow.servlet - Initializing Spring embedded WebApplicationContext
2025-11-11 13:47:47.769 [restartedMain] INFO  c.z.h.HikariDataSource - HikariPool-1 - Starting...
2025-11-11 13:47:49.209 [restartedMain] WARN  o.h.e.j.s.SqlExceptionHelper - SQL Error: 1045, SQLState: 28000
2025-11-11 13:47:49.210 [restartedMain] ERROR o.h.e.j.s.SqlExceptionHelper - Access denied for user 'root'@'localhost' (using password: YES)
2025-11-11 13:47:49.211 [restartedMain] WARN  o.h.e.j.e.i.JdbcEnvironmentInitiator - HHH000342: Could not obtain connection to query metadata
org.hibernate.exception.GenericJDBCException: unable to obtain isolated JDBC connection [Access denied for user 'root'@'localhost' (using password: YES)] [n/a]
	at org.hibernate.exception.internal.StandardSQLExceptionConverter.convert(StandardSQLExceptionConverter.java:63)
	at org.hibernate.engine.jdbc.spi.SqlExceptionHelper.convert(SqlExceptionHelper.java:108)
	at org.hibernate.engine.jdbc.spi.SqlExceptionHelper.convert(SqlExceptionHelper.java:94)
	at org.hibernate.resource.transaction.backend.jdbc.internal.JdbcIsolationDelegate.delegateWork(JdbcIsolationDelegate.java:116)
	at org.hibernate.engine.jdbc.env.internal.JdbcEnvironmentInitiator.getJdbcEnvironmentUsingJdbcMetadata(JdbcEnvironmentInitiator.java:334)
	at org.hibernate.engine.jdbc.env.internal.JdbcEnvironmentInitiator.initiateService(JdbcEnvironmentInitiator.java:129)
	at org.hibernate.engine.jdbc.env.internal.JdbcEnvironmentInitiator.initiateService(JdbcEnvironmentInitiator.java:81)
	at org.hibernate.boot.registry.internal.StandardServiceRegistryImpl.initiateService(StandardServiceRegistryImpl.java:130)
	at org.hibernate.service.internal.AbstractServiceRegistryImpl.createService(AbstractServiceRegistryImpl.java:263)
	at org.hibernate.service.internal.AbstractServiceRegistryImpl.initializeService(AbstractServiceRegistryImpl.java:238)
	at org.hibernate.service.internal.AbstractServiceRegistryImpl.getService(AbstractServiceRegistryImpl.java:215)
	at org.hibernate.boot.model.relational.Database.<init>(Database.java:45)
	at org.hibernate.boot.internal.InFlightMetadataCollectorImpl.getDatabase(InFlightMetadataCollectorImpl.java:226)
	at org.hibernate.boot.internal.InFlightMetadataCollectorImpl.<init>(InFlightMetadataCollectorImpl.java:194)
	at org.hibernate.boot.model.process.spi.MetadataBuildingProcess.complete(MetadataBuildingProcess.java:171)
	at org.hibernate.jpa.boot.internal.EntityManagerFactoryBuilderImpl.metadata(EntityManagerFactoryBuilderImpl.java:1442)
	at org.hibernate.jpa.boot.internal.EntityManagerFactoryBuilderImpl.build(EntityManagerFactoryBuilderImpl.java:1513)
	at org.springframework.orm.jpa.vendor.SpringHibernateJpaPersistenceProvider.createContainerEntityManagerFactory(SpringHibernateJpaPersistenceProvider.java:66)
	at org.springframework.orm.jpa.LocalContainerEntityManagerFactoryBean.createNativeEntityManagerFactory(LocalContainerEntityManagerFactoryBean.java:390)
	at org.springframework.orm.jpa.AbstractEntityManagerFactoryBean.buildNativeEntityManagerFactory(AbstractEntityManagerFactoryBean.java:419)
	at org.springframework.orm.jpa.AbstractEntityManagerFactoryBean.afterPropertiesSet(AbstractEntityManagerFactoryBean.java:400)
	at org.springframework.orm.jpa.LocalContainerEntityManagerFactoryBean.afterPropertiesSet(LocalContainerEntityManagerFactoryBean.java:366)
	at org.springframework.beans.factory.support.AbstractAutowireCapableBeanFactory.invokeInitMethods(AbstractAutowireCapableBeanFactory.java:1873)
	at org.springframework.beans.factory.support.AbstractAutowireCapableBeanFactory.initializeBean(AbstractAutowireCapableBeanFactory.java:1822)
	at org.springframework.beans.factory.support.AbstractAutowireCapableBeanFactory.doCreateBean(AbstractAutowireCapableBeanFactory.java:607)
	at org.springframework.beans.factory.support.AbstractAutowireCapableBeanFactory.createBean(AbstractAutowireCapableBeanFactory.java:529)
	at org.springframework.beans.factory.support.AbstractBeanFactory.lambda$doGetBean$0(AbstractBeanFactory.java:339)
	at org.springframework.beans.factory.support.DefaultSingletonBeanRegistry.getSingleton(DefaultSingletonBeanRegistry.java:373)
	at org.springframework.beans.factory.support.AbstractBeanFactory.doGetBean(AbstractBeanFactory.java:337)
	at org.springframework.beans.factory.support.AbstractBeanFactory.getBean(AbstractBeanFactory.java:207)
	at org.springframework.context.support.AbstractApplicationContext.finishBeanFactoryInitialization(AbstractApplicationContext.java:970)
	at org.springframework.context.support.AbstractApplicationContext.refresh(AbstractApplicationContext.java:627)
	at org.springframework.boot.web.servlet.context.ServletWebServerApplicationContext.refresh(ServletWebServerApplicationContext.java:146)
	at org.springframework.boot.SpringApplication.refresh(SpringApplication.java:752)
	at org.springframework.boot.SpringApplication.refreshContext(SpringApplication.java:439)
	at org.springframework.boot.SpringApplication.run(SpringApplication.java:318)
	at org.springframework.boot.SpringApplication.run(SpringApplication.java:1361)
	at org.springframework.boot.SpringApplication.run(SpringApplication.java:1350)
	at com.spring.restapi.RestApiApplication.main(RestApiApplication.java:15)
	at java.base/jdk.internal.reflect.NativeMethodAccessorImpl.invoke0(Native Method)
	at java.base/jdk.internal.reflect.NativeMethodAccessorImpl.invoke(NativeMethodAccessorImpl.java:77)
	at java.base/jdk.internal.reflect.DelegatingMethodAccessorImpl.invoke(DelegatingMethodAccessorImpl.java:43)
	at java.base/java.lang.reflect.Method.invoke(Method.java:568)
	at org.springframework.boot.devtools.restart.RestartLauncher.run(RestartLauncher.java:50)
Caused by: java.sql.SQLException: Access denied for user 'root'@'localhost' (using password: YES)
	at com.mysql.cj.jdbc.exceptions.SQLError.createSQLException(SQLError.java:121)
	at com.mysql.cj.jdbc.exceptions.SQLExceptionsMapping.translateException(SQLExceptionsMapping.java:114)
	at com.mysql.cj.jdbc.ConnectionImpl.createNewIO(ConnectionImpl.java:839)
	at com.mysql.cj.jdbc.ConnectionImpl.<init>(ConnectionImpl.java:415)
	at com.mysql.cj.jdbc.ConnectionImpl.getInstance(ConnectionImpl.java:237)
	at com.mysql.cj.jdbc.NonRegisteringDriver.connect(NonRegisteringDriver.java:180)
	at com.zaxxer.hikari.util.DriverDataSource.getConnection(DriverDataSource.java:144)
	at com.zaxxer.hikari.pool.PoolBase.newConnection(PoolBase.java:370)
	at com.zaxxer.hikari.pool.PoolBase.newPoolEntry(PoolBase.java:207)
	at com.zaxxer.hikari.pool.HikariPool.createPoolEntry(HikariPool.java:488)
	at com.zaxxer.hikari.pool.HikariPool.checkFailFast(HikariPool.java:576)
	at com.zaxxer.hikari.pool.HikariPool.<init>(HikariPool.java:97)
	at com.zaxxer.hikari.HikariDataSource.getConnection(HikariDataSource.java:111)
	at org.hibernate.engine.jdbc.connections.internal.DatasourceConnectionProviderImpl.getConnection(DatasourceConnectionProviderImpl.java:126)
	at org.hibernate.engine.jdbc.env.internal.JdbcEnvironmentInitiator$ConnectionProviderJdbcConnectionAccess.obtainConnection(JdbcEnvironmentInitiator.java:485)
	at org.hibernate.resource.transaction.backend.jdbc.internal.JdbcIsolationDelegate.delegateWork(JdbcIsolationDelegate.java:61)
	... 40 common frames omitted
2025-11-11 13:47:49.244 [restartedMain] WARN  o.h.orm.deprecation - HHH90000025: MySQLDialect does not need to be specified explicitly using 'hibernate.dialect' (remove the property setting and it will be selected by default)
2025-11-11 13:47:50.415 [restartedMain] INFO  c.z.h.HikariDataSource - HikariPool-1 - Starting...
2025-11-11 13:47:51.445 [restartedMain] WARN  o.h.e.j.s.SqlExceptionHelper - SQL Error: 1045, SQLState: 28000
2025-11-11 13:47:51.446 [restartedMain] ERROR o.h.e.j.s.SqlExceptionHelper - Access denied for user 'root'@'localhost' (using password: YES)
2025-11-11 13:47:51.452 [restartedMain] ERROR o.s.o.j.LocalContainerEntityManagerFactoryBean - Failed to initialize JPA EntityManagerFactory: [PersistenceUnit: default] Unable to build Hibernate SessionFactory; nested exception is org.hibernate.exception.GenericJDBCException: Unable to open JDBC Connection for DDL execution [Access denied for user 'root'@'localhost' (using password: YES)] [n/a]
2025-11-11 13:47:51.452 [restartedMain] WARN  o.s.b.w.s.c.AnnotationConfigServletWebServerApplicationContext - Exception encountered during context initialization - cancelling refresh attempt: org.springframework.beans.factory.BeanCreationException: Error creating bean with name 'entityManagerFactory' defined in class path resource [org/springframework/boot/autoconfigure/orm/jpa/HibernateJpaConfiguration.class]: [PersistenceUnit: default] Unable to build Hibernate SessionFactory; nested exception is org.hibernate.exception.GenericJDBCException: Unable to open JDBC Connection for DDL execution [Access denied for user 'root'@'localhost' (using password: YES)] [n/a]
2025-11-11 13:47:51.503 [restartedMain] ERROR o.s.b.SpringApplication - Application run failed
org.springframework.beans.factory.BeanCreationException: Error creating bean with name 'entityManagerFactory' defined in class path resource [org/springframework/boot/autoconfigure/orm/jpa/HibernateJpaConfiguration.class]: [PersistenceUnit: default] Unable to build Hibernate SessionFactory; nested exception is org.hibernate.exception.GenericJDBCException: Unable to open JDBC Connection for DDL execution [Access denied for user 'root'@'localhost' (using password: YES)] [n/a]
	at org.springframework.beans.factory.support.AbstractAutowireCapableBeanFactory.initializeBean(AbstractAutowireCapableBeanFactory.java:1826)
	at org.springframework.beans.factory.support.AbstractAutowireCapableBeanFactory.doCreateBean(AbstractAutowireCapableBeanFactory.java:607)
	at org.springframework.beans.factory.support.AbstractAutowireCapableBeanFactory.createBean(AbstractAutowireCapableBeanFactory.java:529)
	at org.springframework.beans.factory.support.AbstractBeanFactory.lambda$doGetBean$0(AbstractBeanFactory.java:339)
	at org.springframework.beans.factory.support.DefaultSingletonBeanRegistry.getSingleton(DefaultSingletonBeanRegistry.java:373)
	at org.springframework.beans.factory.support.AbstractBeanFactory.doGetBean(AbstractBeanFactory.java:337)
	at org.springframework.beans.factory.support.AbstractBeanFactory.getBean(AbstractBeanFactory.java:207)
	at org.springframework.context.support.AbstractApplicationContext.finishBeanFactoryInitialization(AbstractApplicationContext.java:970)
	at org.springframework.context.support.AbstractApplicationContext.refresh(AbstractApplicationContext.java:627)
	at org.springframework.boot.web.servlet.context.ServletWebServerApplicationContext.refresh(ServletWebServerApplicationContext.java:146)
	at org.springframework.boot.SpringApplication.refresh(SpringApplication.java:752)
	at org.springframework.boot.SpringApplication.refreshContext(SpringApplication.java:439)
	at org.springframework.boot.SpringApplication.run(SpringApplication.java:318)
	at org.springframework.boot.SpringApplication.run(SpringApplication.java:1361)
	at org.springframework.boot.SpringApplication.run(SpringApplication.java:1350)
	at com.spring.restapi.RestApiApplication.main(RestApiApplication.java:15)
	at java.base/jdk.internal.reflect.NativeMethodAccessorImpl.invoke0(Native Method)
	at java.base/jdk.internal.reflect.NativeMethodAccessorImpl.invoke(NativeMethodAccessorImpl.java:77)
	at java.base/jdk.internal.reflect.DelegatingMethodAccessorImpl.invoke(DelegatingMethodAccessorImpl.java:43)
	at java.base/java.lang.reflect.Method.invoke(Method.java:568)
	at org.springframework.boot.devtools.restart.RestartLauncher.run(RestartLauncher.java:50)
Caused by: jakarta.persistence.PersistenceException: [PersistenceUnit: default] Unable to build Hibernate SessionFactory; nested exception is org.hibernate.exception.GenericJDBCException: Unable to open JDBC Connection for DDL execution [Access denied for user 'root'@'localhost' (using password: YES)] [n/a]
	at org.springframework.orm.jpa.AbstractEntityManagerFactoryBean.buildNativeEntityManagerFactory(AbstractEntityManagerFactoryBean.java:431)
	at org.springframework.orm.jpa.AbstractEntityManagerFactoryBean.afterPropertiesSet(AbstractEntityManagerFactoryBean.java:400)
	at org.springframework.orm.jpa.LocalContainerEntityManagerFactoryBean.afterPropertiesSet(LocalContainerEntityManagerFactoryBean.java:366)
	at org.springframework.beans.factory.support.AbstractAutowireCapableBeanFactory.invokeInitMethods(AbstractAutowireCapableBeanFactory.java:1873)
	at org.springframework.beans.factory.support.AbstractAutowireCapableBeanFactory.initializeBean(AbstractAutowireCapableBeanFactory.java:1822)
	... 20 common frames omitted
Caused by: org.hibernate.exception.GenericJDBCException: Unable to open JDBC Connection for DDL execution [Access denied for user 'root'@'localhost' (using password: YES)] [n/a]
	at org.hibernate.exception.internal.StandardSQLExceptionConverter.convert(StandardSQLExceptionConverter.java:63)
	at org.hibernate.engine.jdbc.spi.SqlExceptionHelper.convert(SqlExceptionHelper.java:108)
	at org.hibernate.engine.jdbc.spi.SqlExceptionHelper.convert(SqlExceptionHelper.java:94)
	at org.hibernate.resource.transaction.backend.jdbc.internal.DdlTransactionIsolatorNonJtaImpl.getIsolatedConnection(DdlTransactionIsolatorNonJtaImpl.java:74)
	at org.hibernate.resource.transaction.backend.jdbc.internal.DdlTransactionIsolatorNonJtaImpl.getIsolatedConnection(DdlTransactionIsolatorNonJtaImpl.java:39)
	at org.hibernate.tool.schema.internal.exec.ImprovedExtractionContextImpl.getJdbcConnection(ImprovedExtractionContextImpl.java:63)
	at org.hibernate.tool.schema.internal.exec.ImprovedExtractionContextImpl.getJdbcDatabaseMetaData(ImprovedExtractionContextImpl.java:70)
	at org.hibernate.tool.schema.extract.internal.InformationExtractorJdbcDatabaseMetaDataImpl.processTableResultSet(InformationExtractorJdbcDatabaseMetaDataImpl.java:65)
	at org.hibernate.tool.schema.extract.internal.AbstractInformationExtractorImpl.getTables(AbstractInformationExtractorImpl.java:570)
	at org.hibernate.tool.schema.extract.internal.DatabaseInformationImpl.getTablesInformation(DatabaseInformationImpl.java:122)
	at org.hibernate.tool.schema.internal.GroupedSchemaMigratorImpl.performTablesMigration(GroupedSchemaMigratorImpl.java:72)
	at org.hibernate.tool.schema.internal.AbstractSchemaMigrator.performMigration(AbstractSchemaMigrator.java:233)
	at org.hibernate.tool.schema.internal.AbstractSchemaMigrator.doMigration(AbstractSchemaMigrator.java:112)
	at org.hibernate.tool.schema.spi.SchemaManagementToolCoordinator.performDatabaseAction(SchemaManagementToolCoordinator.java:280)
	at org.hibernate.tool.schema.spi.SchemaManagementToolCoordinator.lambda$process$5(SchemaManagementToolCoordinator.java:144)
	at java.base/java.util.HashMap.forEach(HashMap.java:1421)
	at org.hibernate.tool.schema.spi.SchemaManagementToolCoordinator.process(SchemaManagementToolCoordinator.java:141)
	at org.hibernate.boot.internal.SessionFactoryObserverForSchemaExport.sessionFactoryCreated(SessionFactoryObserverForSchemaExport.java:37)
	at org.hibernate.internal.SessionFactoryObserverChain.sessionFactoryCreated(SessionFactoryObserverChain.java:35)
	at org.hibernate.internal.SessionFactoryImpl.<init>(SessionFactoryImpl.java:324)
	at org.hibernate.boot.internal.SessionFactoryBuilderImpl.build(SessionFactoryBuilderImpl.java:463)
	at org.hibernate.jpa.boot.internal.EntityManagerFactoryBuilderImpl.build(EntityManagerFactoryBuilderImpl.java:1517)
	at org.springframework.orm.jpa.vendor.SpringHibernateJpaPersistenceProvider.createContainerEntityManagerFactory(SpringHibernateJpaPersistenceProvider.java:66)
	at org.springframework.orm.jpa.LocalContainerEntityManagerFactoryBean.createNativeEntityManagerFactory(LocalContainerEntityManagerFactoryBean.java:390)
	at org.springframework.orm.jpa.AbstractEntityManagerFactoryBean.buildNativeEntityManagerFactory(AbstractEntityManagerFactoryBean.java:419)
	... 24 common frames omitted
Caused by: java.sql.SQLException: Access denied for user 'root'@'localhost' (using password: YES)
	at com.mysql.cj.jdbc.exceptions.SQLError.createSQLException(SQLError.java:121)
	at com.mysql.cj.jdbc.exceptions.SQLExceptionsMapping.translateException(SQLExceptionsMapping.java:114)
	at com.mysql.cj.jdbc.ConnectionImpl.createNewIO(ConnectionImpl.java:839)
	at com.mysql.cj.jdbc.ConnectionImpl.<init>(ConnectionImpl.java:415)
	at com.mysql.cj.jdbc.ConnectionImpl.getInstance(ConnectionImpl.java:237)
	at com.mysql.cj.jdbc.NonRegisteringDriver.connect(NonRegisteringDriver.java:180)
	at com.zaxxer.hikari.util.DriverDataSource.getConnection(DriverDataSource.java:144)
	at com.zaxxer.hikari.pool.PoolBase.newConnection(PoolBase.java:370)
	at com.zaxxer.hikari.pool.PoolBase.newPoolEntry(PoolBase.java:207)
	at com.zaxxer.hikari.pool.HikariPool.createPoolEntry(HikariPool.java:488)
	at com.zaxxer.hikari.pool.HikariPool.checkFailFast(HikariPool.java:576)
	at com.zaxxer.hikari.pool.HikariPool.<init>(HikariPool.java:97)
	at com.zaxxer.hikari.HikariDataSource.getConnection(HikariDataSource.java:111)
	at org.hibernate.engine.jdbc.connections.internal.DatasourceConnectionProviderImpl.getConnection(DatasourceConnectionProviderImpl.java:126)
	at org.hibernate.engine.jdbc.env.internal.JdbcEnvironmentInitiator$ConnectionProviderJdbcConnectionAccess.obtainConnection(JdbcEnvironmentInitiator.java:485)
	at org.hibernate.resource.transaction.backend.jdbc.internal.DdlTransactionIsolatorNonJtaImpl.getIsolatedConnection(DdlTransactionIsolatorNonJtaImpl.java:46)
	... 45 common frames omitted
2025-11-11 13:48:38.082 [restartedMain] INFO  c.s.r.RestApiApplication - Starting RestApiApplication using Java 17.0.4 with PID 18420 (C:\Springdevtools\EMPSYNC\empsync-backend\target\classes started by 91992 in C:\Springdevtools\EMPSYNC\empsync-backend)
2025-11-11 13:48:38.086 [restartedMain] DEBUG c.s.r.RestApiApplication - Running with Spring Boot v3.5.6, Spring v6.2.11
2025-11-11 13:48:38.088 [restartedMain] INFO  c.s.r.RestApiApplication - No active profile set, falling back to 1 default profile: "default"
2025-11-11 13:48:40.749 [restartedMain] WARN  i.u.websockets.jsr - UT026010: Buffer pool was not set on WebSocketDeploymentInfo, the default pool will be used
2025-11-11 13:48:40.788 [restartedMain] INFO  io.undertow.servlet - Initializing Spring embedded WebApplicationContext
2025-11-11 13:48:41.747 [restartedMain] INFO  c.z.h.HikariDataSource - HikariPool-1 - Starting...
2025-11-11 13:48:42.119 [restartedMain] INFO  c.z.h.p.HikariPool - HikariPool-1 - Added connection com.mysql.cj.jdbc.ConnectionImpl@3278850c
2025-11-11 13:48:42.122 [restartedMain] INFO  c.z.h.HikariDataSource - HikariPool-1 - Start completed.
2025-11-11 13:48:42.189 [restartedMain] WARN  o.h.orm.deprecation - HHH90000025: MySQLDialect does not need to be specified explicitly using 'hibernate.dialect' (remove the property setting and it will be selected by default)
2025-11-11 13:48:45.015 [restartedMain] WARN  o.s.b.a.o.j.JpaBaseConfiguration$JpaWebConfiguration - spring.jpa.open-in-view is enabled by default. Therefore, database queries may be performed during view rendering. Explicitly configure spring.jpa.open-in-view to disable this warning
2025-11-11 13:48:46.300 [restartedMain] INFO  io.undertow - starting server: Undertow - 2.3.19.Final
2025-11-11 13:48:46.312 [restartedMain] INFO  org.xnio - XNIO version 3.8.16.Final
2025-11-11 13:48:46.325 [restartedMain] INFO  org.xnio.nio - XNIO NIO Implementation Version 3.8.16.Final
2025-11-11 13:48:46.376 [restartedMain] INFO  org.jboss.threads - JBoss Threads version 3.7.0.Final
2025-11-11 13:48:46.491 [restartedMain] INFO  c.s.r.RestApiApplication - Started RestApiApplication in 9.056 seconds (process running for 9.983)
2025-11-11 13:48:46.498 [restartedMain] TRACE c.s.r.RestApiApplication - 🔍 [TRACE] Application started in TRACE mode (if enabled).
2025-11-11 13:48:46.498 [restartedMain] DEBUG c.s.r.RestApiApplication - 🐛 [DEBUG] Debugging startup sequence...
2025-11-11 13:48:46.498 [restartedMain] INFO  c.s.r.RestApiApplication - 🎉 [INFO] EMPSYNC started successfully!
2025-11-11 13:48:46.499 [restartedMain] INFO  c.s.r.RestApiApplication - 🌍 Active Profiles: default
2025-11-11 13:48:46.499 [restartedMain] INFO  c.s.r.RestApiApplication - 🚀 Running on: http://localhost:8888
2025-11-11 13:48:46.499 [restartedMain] INFO  c.s.r.RestApiApplication - 📊 Swagger UI: http://localhost:8888/swagger-ui.html
2025-11-11 13:48:46.499 [restartedMain] INFO  c.s.r.RestApiApplication - 📚 API Docs: http://localhost:8888/v3/api-docs
2025-11-11 13:48:46.499 [restartedMain] INFO  c.s.r.RestApiApplication - ✅ Health Check: http://localhost:8888/actuator/health
2025-11-11 13:48:46.499 [restartedMain] INFO  c.s.r.RestApiApplication - 📈 Metrics: http://localhost:8888/actuator/metrics
2025-11-11 13:48:46.499 [restartedMain] INFO  c.s.r.RestApiApplication - 🌟 Ready to handle requests!
2025-11-11 13:48:47.004 [RMI TCP Connection(7)-127.0.0.1] INFO  io.undertow.servlet - Initializing Spring DispatcherServlet 'dispatcherServlet'
